09:10:18.619 [LeanScheduler_Worker-1] ERROR c.a.d.f.s.StatFilter - [internalAfterStatementExecute,478] - slow sql 1150 millis. select top 1
          XH, BBBH, TSNR, CLR_YS, CLSJ_YS, CLBZ_YS, CLR_HS, CLSJ_HS, CLNR_HS, CLBZ_HS, TSLX, TSRQ, TSR, CNAME, CIP, ZGYS, ZGHS, BQDM, KSDM, SYSTYPE, KDYS, BRID, JZLB, TEL_P, TEL_YS, SENDFLAG, SENTIME, id, tsrxm, tsrdh, tsks, CLNR_YS, transed, bzsm, MPI, brxm, ksmc, lisxh
        from dbo.L_TSXX
        where XH = ?[88699]
09:18:49.069 [LeanScheduler_Worker-1] ERROR c.a.d.f.s.StatFilter - [internalAfterStatementExecute,478] - slow sql 1561 millis. select
        JLXH, XH, EVENTYPE, JLSJ
        from L_TSXX_TR
          
        order by jlxh asc[]
10:25:55.180 [LeanScheduler_Worker-2] ERROR c.R.q.u.AbstractQuartzJob - [execute,48] - 任务执行异常  - ：
java.lang.reflect.InvocationTargetException: null
	at sun.reflect.NativeMethodAccessorImpl.invoke0(Native Method)
	at sun.reflect.NativeMethodAccessorImpl.invoke(NativeMethodAccessorImpl.java:62)
	at sun.reflect.DelegatingMethodAccessorImpl.invoke(DelegatingMethodAccessorImpl.java:43)
	at java.lang.reflect.Method.invoke(Method.java:498)
	at com.RealLis.quartz.util.JobInvokeUtil.invokeMethod(JobInvokeUtil.java:60)
	at com.RealLis.quartz.util.JobInvokeUtil.invokeMethod(JobInvokeUtil.java:32)
	at com.RealLis.quartz.util.QuartzDisallowConcurrentExecution.doExecute(QuartzDisallowConcurrentExecution.java:17)
	at com.RealLis.quartz.util.AbstractQuartzJob.execute(AbstractQuartzJob.java:42)
	at org.quartz.core.JobRunShell.run(JobRunShell.java:202)
	at org.quartz.simpl.SimpleThreadPool$WorkerThread.run(SimpleThreadPool.java:573)
Caused by: java.lang.NullPointerException: null
	at com.RealLis.quartz.task.CriticalTask.criticalLis2His(CriticalTask.java:220)
	... 10 common frames omitted
10:26:19.047 [LeanScheduler_Worker-3] ERROR c.R.q.u.AbstractQuartzJob - [execute,48] - 任务执行异常  - ：
java.lang.reflect.InvocationTargetException: null
	at sun.reflect.NativeMethodAccessorImpl.invoke0(Native Method)
	at sun.reflect.NativeMethodAccessorImpl.invoke(NativeMethodAccessorImpl.java:62)
	at sun.reflect.DelegatingMethodAccessorImpl.invoke(DelegatingMethodAccessorImpl.java:43)
	at java.lang.reflect.Method.invoke(Method.java:498)
	at com.RealLis.quartz.util.JobInvokeUtil.invokeMethod(JobInvokeUtil.java:60)
	at com.RealLis.quartz.util.JobInvokeUtil.invokeMethod(JobInvokeUtil.java:32)
	at com.RealLis.quartz.util.QuartzDisallowConcurrentExecution.doExecute(QuartzDisallowConcurrentExecution.java:17)
	at com.RealLis.quartz.util.AbstractQuartzJob.execute(AbstractQuartzJob.java:42)
	at org.quartz.core.JobRunShell.run(JobRunShell.java:202)
	at org.quartz.simpl.SimpleThreadPool$WorkerThread.run(SimpleThreadPool.java:573)
Caused by: java.lang.NullPointerException: null
	at com.RealLis.quartz.task.CriticalTask.criticalLis2His(CriticalTask.java:220)
	... 10 common frames omitted
20:56:43.520 [http-nio-20201-exec-9] ERROR c.a.d.f.s.StatFilter - [internalAfterStatementExecute,478] - slow sql 2974 millis. select
        BARCODE, BARCODE2,REQUESTMODE, REQUESTDOCTOR, REQUETTIME, DEPARTMENT, BEDNUM, PATIENTTYPE, PATIENTID, PATIENTNAME, PATIENTSEX, BIRTHDAY, PATIENTAGE, AGEUNIT, SPECIMENCODE, BARCLASS, EXAMCODE, EXAMNAME, COST, COSTSTATUS, SAMPLINGTIME, SAMPLINGDOCTOR, RECEIVERTIME, LABDOCTOR, BARSTATUS, CANCELER, CANCELTIME, DIAGNOSTIC,TUBE,RECEIVEADDR,hyxm,departmentName
        from ZHLIS.VI_LIS_BARCODE_INFO
         WHERE  department = ?
            
            
                and REQUETTIME > ?
            
            
                and REQUETTIME  < ? 
        order by  BEDNUM,REQUETTIME["381","2019-07-23 00:00:00","2020-07-24 23:59:59"]
