16:36:22.365 [LeanScheduler_Worker-1] ERROR c.a.d.f.s.StatFilter - [internalAfterStatementExecute,478] - slow sql 1455 millis. select
        JLXH, XH, EVENTYPE, JLSJ
        from L_TSXX_TR
          
        order by jlxh asc[]
16:38:27.282 [LeanScheduler_QuartzSchedulerThread] ERROR c.a.d.f.s.StatFilter - [internalAfterStatementExecute,478] - slow sql 7660 millis. SELECT TRIGGER_NAME, TRIGGER_GROUP, NEXT_FIRE_TIME, PRIORITY FROM QRTZ_TRIGGERS WHERE SCHED_NAME = 'LeanScheduler' AND TRIGGER_STATE = ? AND NEXT_FIRE_TIME <= ? AND (MISFIRE_INSTR = -1 OR (MISFIRE_INSTR != -1 AND NEXT_FIRE_TIME >= ?)) ORDER BY NEXT_FIRE_TIME ASC, PRIORITY DESC["WAITING",1595839129184,1595839087620]
16:39:29.255 [LeanScheduler_Worker-1] ERROR c.R.q.u.AbstractQuartzJob - [execute,48] - 任务执行异常  - ：
java.lang.reflect.InvocationTargetException: null
	at sun.reflect.NativeMethodAccessorImpl.invoke0(Native Method)
	at sun.reflect.NativeMethodAccessorImpl.invoke(NativeMethodAccessorImpl.java:62)
	at sun.reflect.DelegatingMethodAccessorImpl.invoke(DelegatingMethodAccessorImpl.java:43)
	at java.lang.reflect.Method.invoke(Method.java:498)
	at com.RealLis.quartz.util.JobInvokeUtil.invokeMethod(JobInvokeUtil.java:60)
	at com.RealLis.quartz.util.JobInvokeUtil.invokeMethod(JobInvokeUtil.java:32)
	at com.RealLis.quartz.util.QuartzDisallowConcurrentExecution.doExecute(QuartzDisallowConcurrentExecution.java:17)
	at com.RealLis.quartz.util.AbstractQuartzJob.execute(AbstractQuartzJob.java:42)
	at org.quartz.core.JobRunShell.run(JobRunShell.java:202)
	at org.quartz.simpl.SimpleThreadPool$WorkerThread.run(SimpleThreadPool.java:573)
Caused by: java.lang.NullPointerException: null
	at com.RealLis.quartz.task.CriticalTask.criticalHis2Lis(CriticalTask.java:65)
	... 10 common frames omitted
16:39:30.552 [QuartzScheduler_LeanScheduler-Lean1595838781001_ClusterManager] ERROR c.a.d.f.s.StatFilter - [internalAfterStatementExecute,478] - slow sql 1290 millis. UPDATE QRTZ_SCHEDULER_STATE SET LAST_CHECKIN_TIME = ? WHERE SCHED_NAME = 'LeanScheduler' AND INSTANCE_NAME = ?[1595839169261,"Lean1595838781001"]
16:48:05.686 [LeanScheduler_Worker-1] ERROR c.R.q.u.AbstractQuartzJob - [execute,48] - 任务执行异常  - ：
java.lang.reflect.InvocationTargetException: null
	at sun.reflect.NativeMethodAccessorImpl.invoke0(Native Method)
	at sun.reflect.NativeMethodAccessorImpl.invoke(NativeMethodAccessorImpl.java:62)
	at sun.reflect.DelegatingMethodAccessorImpl.invoke(DelegatingMethodAccessorImpl.java:43)
	at java.lang.reflect.Method.invoke(Method.java:498)
	at com.RealLis.quartz.util.JobInvokeUtil.invokeMethod(JobInvokeUtil.java:60)
	at com.RealLis.quartz.util.JobInvokeUtil.invokeMethod(JobInvokeUtil.java:32)
	at com.RealLis.quartz.util.QuartzDisallowConcurrentExecution.doExecute(QuartzDisallowConcurrentExecution.java:17)
	at com.RealLis.quartz.util.AbstractQuartzJob.execute(AbstractQuartzJob.java:42)
	at org.quartz.core.JobRunShell.run(JobRunShell.java:202)
	at org.quartz.simpl.SimpleThreadPool$WorkerThread.run(SimpleThreadPool.java:573)
Caused by: java.lang.NullPointerException: null
	at com.RealLis.quartz.task.CriticalTask.criticalHis2Lis(CriticalTask.java:67)
	... 10 common frames omitted
16:55:45.004 [QuartzScheduler_LeanScheduler-Lean1595840107141_ClusterManager] ERROR c.a.d.f.s.StatFilter - [internalAfterStatementExecute,478] - slow sql 1181 millis. SELECT * FROM QRTZ_SCHEDULER_STATE WHERE SCHED_NAME = 'LeanScheduler'[]
17:06:20.887 [LeanScheduler_Worker-1] ERROR c.a.d.f.s.StatFilter - [internalAfterStatementExecute,478] - slow sql 1114 millis. select top 1
          XH, BBBH, TSNR, CLR_YS, CLSJ_YS, CLBZ_YS, CLR_HS, CLSJ_HS, CLNR_HS, CLBZ_HS, TSLX, TSRQ, TSR, CNAME, CIP, ZGYS, ZGHS, BQDM, KSDM, SYSTYPE, KDYS, BRID, JZLB, TEL_P, TEL_YS, SENDFLAG, SENTIME, id, tsrxm, tsrdh, tsks, CLNR_YS, transed, bzsm, MPI, brxm, ksmc, lisxh
        from dbo.L_TSXX
        where XH = ?[83273]
17:07:10.025 [QuartzScheduler_LeanScheduler-Lean1595840680216_ClusterManager] ERROR c.a.d.f.s.StatFilter - [internalAfterStatementExecute,478] - slow sql 24046 millis. UPDATE QRTZ_SCHEDULER_STATE SET LAST_CHECKIN_TIME = ? WHERE SCHED_NAME = 'LeanScheduler' AND INSTANCE_NAME = ?[1595840805978,"Lean1595840680216"]
17:10:44.258 [LeanScheduler_Worker-1] ERROR c.a.d.f.s.StatFilter - [internalAfterStatementExecute,478] - slow sql 1162 millis. select top 1
          XH, BBBH, TSNR, CLR_YS, CLSJ_YS, CLBZ_YS, CLR_HS, CLSJ_HS, CLNR_HS, CLBZ_HS, TSLX, TSRQ, TSR, CNAME, CIP, ZGYS, ZGHS, BQDM, KSDM, SYSTYPE, KDYS, BRID, JZLB, TEL_P, TEL_YS, SENDFLAG, SENTIME, id, tsrxm, tsrdh, tsks, CLNR_YS, transed, bzsm, MPI, brxm, ksmc, lisxh
        from dbo.L_TSXX
        where XH = ?[83273]
17:16:34.064 [LeanScheduler_Worker-1] ERROR c.a.d.f.s.StatFilter - [internalAfterStatementExecute,478] - slow sql 1199 millis. select top 1
          XH, BBBH, TSNR, CLR_YS, CLSJ_YS, CLBZ_YS, CLR_HS, CLSJ_HS, CLNR_HS, CLBZ_HS, TSLX, TSRQ, TSR, CNAME, CIP, ZGYS, ZGHS, BQDM, KSDM, SYSTYPE, KDYS, BRID, JZLB, TEL_P, TEL_YS, SENDFLAG, SENTIME, id, tsrxm, tsrdh, tsks, CLNR_YS, transed, bzsm, MPI, brxm, ksmc, lisxh
        from dbo.L_TSXX
        where XH = ?[83273]
17:24:45.771 [LeanScheduler_QuartzSchedulerThread] ERROR c.a.d.f.s.StatFilter - [internalAfterStatementExecute,478] - slow sql 10964 millis. SELECT TRIGGER_NAME, TRIGGER_GROUP, NEXT_FIRE_TIME, PRIORITY FROM QRTZ_TRIGGERS WHERE SCHED_NAME = 'LeanScheduler' AND TRIGGER_STATE = ? AND NEXT_FIRE_TIME <= ? AND (MISFIRE_INSTR = -1 OR (MISFIRE_INSTR != -1 AND NEXT_FIRE_TIME >= ?)) ORDER BY NEXT_FIRE_TIME ASC, PRIORITY DESC["WAITING",1595841904806,1595841862806]
17:51:01.591 [LeanScheduler_Worker-1] ERROR c.a.d.f.s.StatFilter - [internalAfterStatementExecute,478] - slow sql 1153 millis. select top 1
          XH, BBBH, TSNR, CLR_YS, CLSJ_YS, CLBZ_YS, CLR_HS, CLSJ_HS, CLNR_HS, CLBZ_HS, TSLX, TSRQ, TSR, CNAME, CIP, ZGYS, ZGHS, BQDM, KSDM, SYSTYPE, KDYS, BRID, JZLB, TEL_P, TEL_YS, SENDFLAG, SENTIME, id, tsrxm, tsrdh, tsks, CLNR_YS, transed, bzsm, MPI, brxm, ksmc, lisxh
        from dbo.L_TSXX
        where LISXH = ?[491069]
17:53:08.394 [LeanScheduler_Worker-1] ERROR c.a.d.f.s.StatFilter - [internalAfterStatementExecute,478] - slow sql 1153 millis. select top 1
          XH, BBBH, TSNR, CLR_YS, CLSJ_YS, CLBZ_YS, CLR_HS, CLSJ_HS, CLNR_HS, CLBZ_HS, TSLX, TSRQ, TSR, CNAME, CIP, ZGYS, ZGHS, BQDM, KSDM, SYSTYPE, KDYS, BRID, JZLB, TEL_P, TEL_YS, SENDFLAG, SENTIME, id, tsrxm, tsrdh, tsks, CLNR_YS, transed, bzsm, MPI, brxm, ksmc, lisxh
        from dbo.L_TSXX
        where LISXH = ?[491069]
