11:27:00.106 [threadPoolTaskExecutor-9] ERROR o.s.a.i.SimpleAsyncUncaughtExceptionHandler - [handleUncaughtException,39] - Unexpected exception occurred invoking async method: public java.lang.String com.RealLis.specimenInhos.ws.service.zhlisWsHerenLet.zhilisWsHerenLetImpl.LabBarMake(java.lang.String)
com.sun.xml.internal.ws.fault.ServerSOAPFaultException: Client received SOAP Fault from server: Server was unable to process request. ---> The process cannot access the file 'D:\zhlis\WS_HerenLet\DbLog\inHosBarMake_20200709.log' because it is being used by another process. Please see the server log to find more detail regarding exact cause of the failure.
	at com.sun.xml.internal.ws.fault.SOAP11Fault.getProtocolException(SOAP11Fault.java:178)
	at com.sun.xml.internal.ws.fault.SOAPFaultBuilder.createException(SOAPFaultBuilder.java:116)
	at com.sun.xml.internal.ws.client.sei.StubHandler.readResponse(StubHandler.java:238)
	at com.sun.xml.internal.ws.db.DatabindingImpl.deserializeResponse(DatabindingImpl.java:189)
	at com.sun.xml.internal.ws.db.DatabindingImpl.deserializeResponse(DatabindingImpl.java:276)
	at com.sun.xml.internal.ws.client.sei.SyncMethodHandler.invoke(SyncMethodHandler.java:104)
	at com.sun.xml.internal.ws.client.sei.SyncMethodHandler.invoke(SyncMethodHandler.java:77)
	at com.sun.xml.internal.ws.client.sei.SEIStub.invoke(SEIStub.java:147)
	at com.sun.proxy.$Proxy137.labBarMake(Unknown Source)
	at com.RealLis.specimenInhos.ws.service.zhlisWsHerenLet.zhilisWsHerenLetImpl.LabBarMake(zhilisWsHerenLetImpl.java:15)
	at sun.reflect.NativeMethodAccessorImpl.invoke0(Native Method)
	at sun.reflect.NativeMethodAccessorImpl.invoke(NativeMethodAccessorImpl.java:62)
	at sun.reflect.DelegatingMethodAccessorImpl.invoke(DelegatingMethodAccessorImpl.java:43)
	at java.lang.reflect.Method.invoke(Method.java:498)
	at org.springframework.aop.support.AopUtils.invokeJoinpointUsingReflection(AopUtils.java:344)
	at org.springframework.aop.framework.ReflectiveMethodInvocation.invokeJoinpoint(ReflectiveMethodInvocation.java:198)
	at org.springframework.aop.framework.ReflectiveMethodInvocation.proceed(ReflectiveMethodInvocation.java:163)
	at org.springframework.aop.interceptor.AsyncExecutionInterceptor.lambda$invoke$0(AsyncExecutionInterceptor.java:115)
	at java.util.concurrent.FutureTask.run(FutureTask.java:266)
	at java.util.concurrent.ThreadPoolExecutor.runWorker(ThreadPoolExecutor.java:1149)
	at java.util.concurrent.ThreadPoolExecutor$Worker.run(ThreadPoolExecutor.java:624)
	at java.lang.Thread.run(Thread.java:748)
11:27:00.170 [threadPoolTaskExecutor-7] ERROR o.s.a.i.SimpleAsyncUncaughtExceptionHandler - [handleUncaughtException,39] - Unexpected exception occurred invoking async method: public java.lang.String com.RealLis.specimenInhos.ws.service.zhlisWsHerenLet.zhilisWsHerenLetImpl.LabBarMake(java.lang.String)
com.sun.xml.internal.ws.fault.ServerSOAPFaultException: Client received SOAP Fault from server: Server was unable to process request. ---> The process cannot access the file 'D:\zhlis\WS_HerenLet\DbLog\inHosBarMake_20200709.log' because it is being used by another process. Please see the server log to find more detail regarding exact cause of the failure.
	at com.sun.xml.internal.ws.fault.SOAP11Fault.getProtocolException(SOAP11Fault.java:178)
	at com.sun.xml.internal.ws.fault.SOAPFaultBuilder.createException(SOAPFaultBuilder.java:116)
	at com.sun.xml.internal.ws.client.sei.StubHandler.readResponse(StubHandler.java:238)
	at com.sun.xml.internal.ws.db.DatabindingImpl.deserializeResponse(DatabindingImpl.java:189)
	at com.sun.xml.internal.ws.db.DatabindingImpl.deserializeResponse(DatabindingImpl.java:276)
	at com.sun.xml.internal.ws.client.sei.SyncMethodHandler.invoke(SyncMethodHandler.java:104)
	at com.sun.xml.internal.ws.client.sei.SyncMethodHandler.invoke(SyncMethodHandler.java:77)
	at com.sun.xml.internal.ws.client.sei.SEIStub.invoke(SEIStub.java:147)
	at com.sun.proxy.$Proxy137.labBarMake(Unknown Source)
	at com.RealLis.specimenInhos.ws.service.zhlisWsHerenLet.zhilisWsHerenLetImpl.LabBarMake(zhilisWsHerenLetImpl.java:15)
	at sun.reflect.NativeMethodAccessorImpl.invoke0(Native Method)
	at sun.reflect.NativeMethodAccessorImpl.invoke(NativeMethodAccessorImpl.java:62)
	at sun.reflect.DelegatingMethodAccessorImpl.invoke(DelegatingMethodAccessorImpl.java:43)
	at java.lang.reflect.Method.invoke(Method.java:498)
	at org.springframework.aop.support.AopUtils.invokeJoinpointUsingReflection(AopUtils.java:344)
	at org.springframework.aop.framework.ReflectiveMethodInvocation.invokeJoinpoint(ReflectiveMethodInvocation.java:198)
	at org.springframework.aop.framework.ReflectiveMethodInvocation.proceed(ReflectiveMethodInvocation.java:163)
	at org.springframework.aop.interceptor.AsyncExecutionInterceptor.lambda$invoke$0(AsyncExecutionInterceptor.java:115)
	at java.util.concurrent.FutureTask.run(FutureTask.java:266)
	at java.util.concurrent.ThreadPoolExecutor.runWorker(ThreadPoolExecutor.java:1149)
	at java.util.concurrent.ThreadPoolExecutor$Worker.run(ThreadPoolExecutor.java:624)
	at java.lang.Thread.run(Thread.java:748)
