16:36:22.365 [LeanScheduler_Worker-1] ERROR c.a.d.f.s.StatFilter - [internalAfterStatementExecute,478] - slow sql 1455 millis. select
        JLXH, XH, EVENTYPE, JLSJ
        from L_TSXX_TR
          
        order by jlxh asc[]
16:38:27.282 [LeanScheduler_QuartzSchedulerThread] ERROR c.a.d.f.s.StatFilter - [internalAfterStatementExecute,478] - slow sql 7660 millis. SELECT TRIGGER_NAME, TRIGGER_GROUP, NEXT_FIRE_TIME, PRIORITY FROM QRTZ_TRIGGERS WHERE SCHED_NAME = 'LeanScheduler' AND TRIGGER_STATE = ? AND NEXT_FIRE_TIME <= ? AND (MISFIRE_INSTR = -1 OR (MISFIRE_INSTR != -1 AND NEXT_FIRE_TIME >= ?)) ORDER BY NEXT_FIRE_TIME ASC, PRIORITY DESC["WAITING",1595839129184,1595839087620]
16:39:29.255 [LeanScheduler_Worker-1] ERROR c.R.q.u.AbstractQuartzJob - [execute,48] - 任务执行异常  - ：
java.lang.reflect.InvocationTargetException: null
	at sun.reflect.NativeMethodAccessorImpl.invoke0(Native Method)
	at sun.reflect.NativeMethodAccessorImpl.invoke(NativeMethodAccessorImpl.java:62)
	at sun.reflect.DelegatingMethodAccessorImpl.invoke(DelegatingMethodAccessorImpl.java:43)
	at java.lang.reflect.Method.invoke(Method.java:498)
	at com.RealLis.quartz.util.JobInvokeUtil.invokeMethod(JobInvokeUtil.java:60)
	at com.RealLis.quartz.util.JobInvokeUtil.invokeMethod(JobInvokeUtil.java:32)
	at com.RealLis.quartz.util.QuartzDisallowConcurrentExecution.doExecute(QuartzDisallowConcurrentExecution.java:17)
	at com.RealLis.quartz.util.AbstractQuartzJob.execute(AbstractQuartzJob.java:42)
	at org.quartz.core.JobRunShell.run(JobRunShell.java:202)
	at org.quartz.simpl.SimpleThreadPool$WorkerThread.run(SimpleThreadPool.java:573)
Caused by: java.lang.NullPointerException: null
	at com.RealLis.quartz.task.CriticalTask.criticalHis2Lis(CriticalTask.java:65)
	... 10 common frames omitted
16:39:30.552 [QuartzScheduler_LeanScheduler-Lean1595838781001_ClusterManager] ERROR c.a.d.f.s.StatFilter - [internalAfterStatementExecute,478] - slow sql 1290 millis. UPDATE QRTZ_SCHEDULER_STATE SET LAST_CHECKIN_TIME = ? WHERE SCHED_NAME = 'LeanScheduler' AND INSTANCE_NAME = ?[1595839169261,"Lean1595838781001"]
16:48:05.686 [LeanScheduler_Worker-1] ERROR c.R.q.u.AbstractQuartzJob - [execute,48] - 任务执行异常  - ：
java.lang.reflect.InvocationTargetException: null
	at sun.reflect.NativeMethodAccessorImpl.invoke0(Native Method)
	at sun.reflect.NativeMethodAccessorImpl.invoke(NativeMethodAccessorImpl.java:62)
	at sun.reflect.DelegatingMethodAccessorImpl.invoke(DelegatingMethodAccessorImpl.java:43)
	at java.lang.reflect.Method.invoke(Method.java:498)
	at com.RealLis.quartz.util.JobInvokeUtil.invokeMethod(JobInvokeUtil.java:60)
	at com.RealLis.quartz.util.JobInvokeUtil.invokeMethod(JobInvokeUtil.java:32)
	at com.RealLis.quartz.util.QuartzDisallowConcurrentExecution.doExecute(QuartzDisallowConcurrentExecution.java:17)
	at com.RealLis.quartz.util.AbstractQuartzJob.execute(AbstractQuartzJob.java:42)
	at org.quartz.core.JobRunShell.run(JobRunShell.java:202)
	at org.quartz.simpl.SimpleThreadPool$WorkerThread.run(SimpleThreadPool.java:573)
Caused by: java.lang.NullPointerException: null
	at com.RealLis.quartz.task.CriticalTask.criticalHis2Lis(CriticalTask.java:67)
	... 10 common frames omitted
16:55:45.004 [QuartzScheduler_LeanScheduler-Lean1595840107141_ClusterManager] ERROR c.a.d.f.s.StatFilter - [internalAfterStatementExecute,478] - slow sql 1181 millis. SELECT * FROM QRTZ_SCHEDULER_STATE WHERE SCHED_NAME = 'LeanScheduler'[]
17:06:20.887 [LeanScheduler_Worker-1] ERROR c.a.d.f.s.StatFilter - [internalAfterStatementExecute,478] - slow sql 1114 millis. select top 1
          XH, BBBH, TSNR, CLR_YS, CLSJ_YS, CLBZ_YS, CLR_HS, CLSJ_HS, CLNR_HS, CLBZ_HS, TSLX, TSRQ, TSR, CNAME, CIP, ZGYS, ZGHS, BQDM, KSDM, SYSTYPE, KDYS, BRID, JZLB, TEL_P, TEL_YS, SENDFLAG, SENTIME, id, tsrxm, tsrdh, tsks, CLNR_YS, transed, bzsm, MPI, brxm, ksmc, lisxh
        from dbo.L_TSXX
        where XH = ?[83273]
17:07:10.025 [QuartzScheduler_LeanScheduler-Lean1595840680216_ClusterManager] ERROR c.a.d.f.s.StatFilter - [internalAfterStatementExecute,478] - slow sql 24046 millis. UPDATE QRTZ_SCHEDULER_STATE SET LAST_CHECKIN_TIME = ? WHERE SCHED_NAME = 'LeanScheduler' AND INSTANCE_NAME = ?[1595840805978,"Lean1595840680216"]
17:10:44.258 [LeanScheduler_Worker-1] ERROR c.a.d.f.s.StatFilter - [internalAfterStatementExecute,478] - slow sql 1162 millis. select top 1
          XH, BBBH, TSNR, CLR_YS, CLSJ_YS, CLBZ_YS, CLR_HS, CLSJ_HS, CLNR_HS, CLBZ_HS, TSLX, TSRQ, TSR, CNAME, CIP, ZGYS, ZGHS, BQDM, KSDM, SYSTYPE, KDYS, BRID, JZLB, TEL_P, TEL_YS, SENDFLAG, SENTIME, id, tsrxm, tsrdh, tsks, CLNR_YS, transed, bzsm, MPI, brxm, ksmc, lisxh
        from dbo.L_TSXX
        where XH = ?[83273]
17:16:34.064 [LeanScheduler_Worker-1] ERROR c.a.d.f.s.StatFilter - [internalAfterStatementExecute,478] - slow sql 1199 millis. select top 1
          XH, BBBH, TSNR, CLR_YS, CLSJ_YS, CLBZ_YS, CLR_HS, CLSJ_HS, CLNR_HS, CLBZ_HS, TSLX, TSRQ, TSR, CNAME, CIP, ZGYS, ZGHS, BQDM, KSDM, SYSTYPE, KDYS, BRID, JZLB, TEL_P, TEL_YS, SENDFLAG, SENTIME, id, tsrxm, tsrdh, tsks, CLNR_YS, transed, bzsm, MPI, brxm, ksmc, lisxh
        from dbo.L_TSXX
        where XH = ?[83273]
17:24:45.771 [LeanScheduler_QuartzSchedulerThread] ERROR c.a.d.f.s.StatFilter - [internalAfterStatementExecute,478] - slow sql 10964 millis. SELECT TRIGGER_NAME, TRIGGER_GROUP, NEXT_FIRE_TIME, PRIORITY FROM QRTZ_TRIGGERS WHERE SCHED_NAME = 'LeanScheduler' AND TRIGGER_STATE = ? AND NEXT_FIRE_TIME <= ? AND (MISFIRE_INSTR = -1 OR (MISFIRE_INSTR != -1 AND NEXT_FIRE_TIME >= ?)) ORDER BY NEXT_FIRE_TIME ASC, PRIORITY DESC["WAITING",1595841904806,1595841862806]
17:51:01.591 [LeanScheduler_Worker-1] ERROR c.a.d.f.s.StatFilter - [internalAfterStatementExecute,478] - slow sql 1153 millis. select top 1
          XH, BBBH, TSNR, CLR_YS, CLSJ_YS, CLBZ_YS, CLR_HS, CLSJ_HS, CLNR_HS, CLBZ_HS, TSLX, TSRQ, TSR, CNAME, CIP, ZGYS, ZGHS, BQDM, KSDM, SYSTYPE, KDYS, BRID, JZLB, TEL_P, TEL_YS, SENDFLAG, SENTIME, id, tsrxm, tsrdh, tsks, CLNR_YS, transed, bzsm, MPI, brxm, ksmc, lisxh
        from dbo.L_TSXX
        where LISXH = ?[491069]
17:53:08.394 [LeanScheduler_Worker-1] ERROR c.a.d.f.s.StatFilter - [internalAfterStatementExecute,478] - slow sql 1153 millis. select top 1
          XH, BBBH, TSNR, CLR_YS, CLSJ_YS, CLBZ_YS, CLR_HS, CLSJ_HS, CLNR_HS, CLBZ_HS, TSLX, TSRQ, TSR, CNAME, CIP, ZGYS, ZGHS, BQDM, KSDM, SYSTYPE, KDYS, BRID, JZLB, TEL_P, TEL_YS, SENDFLAG, SENTIME, id, tsrxm, tsrdh, tsks, CLNR_YS, transed, bzsm, MPI, brxm, ksmc, lisxh
        from dbo.L_TSXX
        where LISXH = ?[491069]
18:46:46.510 [LeanScheduler_Worker-1] ERROR c.a.d.f.s.StatFilter - [internalAfterStatementExecute,478] - slow sql 1462 millis. select
        JLXH, XH, EVENTYPE, JLSJ
        from L_TSXX_TR
          
        order by jlxh asc[]
18:47:12.446 [LeanScheduler_Worker-1] ERROR c.R.q.u.AbstractQuartzJob - [execute,48] - 任务执行异常  - ：
java.lang.reflect.InvocationTargetException: null
	at sun.reflect.NativeMethodAccessorImpl.invoke0(Native Method)
	at sun.reflect.NativeMethodAccessorImpl.invoke(NativeMethodAccessorImpl.java:62)
	at sun.reflect.DelegatingMethodAccessorImpl.invoke(DelegatingMethodAccessorImpl.java:43)
	at java.lang.reflect.Method.invoke(Method.java:498)
	at com.RealLis.quartz.util.JobInvokeUtil.invokeMethod(JobInvokeUtil.java:60)
	at com.RealLis.quartz.util.JobInvokeUtil.invokeMethod(JobInvokeUtil.java:32)
	at com.RealLis.quartz.util.QuartzDisallowConcurrentExecution.doExecute(QuartzDisallowConcurrentExecution.java:17)
	at com.RealLis.quartz.util.AbstractQuartzJob.execute(AbstractQuartzJob.java:42)
	at org.quartz.core.JobRunShell.run(JobRunShell.java:202)
	at org.quartz.simpl.SimpleThreadPool$WorkerThread.run(SimpleThreadPool.java:573)
Caused by: java.lang.NullPointerException: null
	at com.RealLis.quartz.task.CriticalTask.criticalHis2Lis(CriticalTask.java:53)
	... 10 common frames omitted
18:47:42.978 [LeanScheduler_Worker-1] ERROR c.a.d.f.s.StatFilter - [internalAfterStatementExecute,478] - slow sql 1487 millis. select
        JLXH, XH, EVENTYPE, JLSJ
        from L_TSXX_TR
          
        order by jlxh asc[]
18:48:16.184 [LeanScheduler_Worker-1] ERROR c.R.q.u.AbstractQuartzJob - [execute,48] - 任务执行异常  - ：
java.lang.reflect.InvocationTargetException: null
	at sun.reflect.NativeMethodAccessorImpl.invoke0(Native Method)
	at sun.reflect.NativeMethodAccessorImpl.invoke(NativeMethodAccessorImpl.java:62)
	at sun.reflect.DelegatingMethodAccessorImpl.invoke(DelegatingMethodAccessorImpl.java:43)
	at java.lang.reflect.Method.invoke(Method.java:498)
	at com.RealLis.quartz.util.JobInvokeUtil.invokeMethod(JobInvokeUtil.java:60)
	at com.RealLis.quartz.util.JobInvokeUtil.invokeMethod(JobInvokeUtil.java:32)
	at com.RealLis.quartz.util.QuartzDisallowConcurrentExecution.doExecute(QuartzDisallowConcurrentExecution.java:17)
	at com.RealLis.quartz.util.AbstractQuartzJob.execute(AbstractQuartzJob.java:42)
	at org.quartz.core.JobRunShell.run(JobRunShell.java:202)
	at org.quartz.simpl.SimpleThreadPool$WorkerThread.run(SimpleThreadPool.java:573)
Caused by: java.lang.NullPointerException: null
	at com.RealLis.quartz.task.CriticalTask.criticalHis2Lis(CriticalTask.java:53)
	... 10 common frames omitted
18:52:26.899 [restartedMain] ERROR o.s.b.d.LoggingFailureAnalysisReporter - [report,40] - 

***************************
APPLICATION FAILED TO START
***************************

Description:

Web server failed to start. Port 20201 was already in use.

Action:

Identify and stop the process that's listening on port 20201 or configure this application to listen on another port.

18:57:35.750 [LeanScheduler_QuartzSchedulerThread] ERROR c.a.d.f.s.StatFilter - [internalAfterStatementExecute,478] - slow sql 2777 millis. SELECT TRIGGER_NAME, TRIGGER_GROUP, NEXT_FIRE_TIME, PRIORITY FROM QRTZ_TRIGGERS WHERE SCHED_NAME = 'LeanScheduler' AND TRIGGER_STATE = ? AND NEXT_FIRE_TIME <= ? AND (MISFIRE_INSTR = -1 OR (MISFIRE_INSTR != -1 AND NEXT_FIRE_TIME >= ?)) ORDER BY NEXT_FIRE_TIME ASC, PRIORITY DESC["WAITING",1595847482970,1595847440970]
18:57:47.673 [LeanScheduler_Worker-1] ERROR c.a.d.f.s.StatFilter - [internalAfterStatementExecute,478] - slow sql 1308 millis. select top 1
          XH, BBBH, TSNR, CLR_YS, CLSJ_YS, CLBZ_YS, CLR_HS, CLSJ_HS, CLNR_HS, CLBZ_HS, TSLX, TSRQ, TSR, CNAME, CIP, ZGYS, ZGHS, BQDM, KSDM, SYSTYPE, KDYS, BRID, JZLB, TEL_P, TEL_YS, SENDFLAG, SENTIME, id, tsrxm, tsrdh, tsks, CLNR_YS, transed, bzsm, MPI, brxm, ksmc, lisxh
        from dbo.L_TSXX
        where XH = ?[89354]
18:59:14.051 [LeanScheduler_Worker-1] ERROR c.R.q.u.AbstractQuartzJob - [execute,48] - 任务执行异常  - ：
java.lang.reflect.InvocationTargetException: null
	at sun.reflect.NativeMethodAccessorImpl.invoke0(Native Method)
	at sun.reflect.NativeMethodAccessorImpl.invoke(NativeMethodAccessorImpl.java:62)
	at sun.reflect.DelegatingMethodAccessorImpl.invoke(DelegatingMethodAccessorImpl.java:43)
	at java.lang.reflect.Method.invoke(Method.java:498)
	at com.RealLis.quartz.util.JobInvokeUtil.invokeMethod(JobInvokeUtil.java:60)
	at com.RealLis.quartz.util.JobInvokeUtil.invokeMethod(JobInvokeUtil.java:32)
	at com.RealLis.quartz.util.QuartzDisallowConcurrentExecution.doExecute(QuartzDisallowConcurrentExecution.java:17)
	at com.RealLis.quartz.util.AbstractQuartzJob.execute(AbstractQuartzJob.java:42)
	at org.quartz.core.JobRunShell.run(JobRunShell.java:202)
	at org.quartz.simpl.SimpleThreadPool$WorkerThread.run(SimpleThreadPool.java:573)
Caused by: org.mybatis.spring.MyBatisSystemException: nested exception is org.apache.ibatis.exceptions.PersistenceException: 
### Error updating database.  Cause: org.springframework.jdbc.CannotGetJdbcConnectionException: Failed to obtain JDBC Connection; nested exception is com.alibaba.druid.pool.DataSourceClosedException: dataSource already closed at Mon Jul 27 18:59:14 CST 2020
### Cause: org.springframework.jdbc.CannotGetJdbcConnectionException: Failed to obtain JDBC Connection; nested exception is com.alibaba.druid.pool.DataSourceClosedException: dataSource already closed at Mon Jul 27 18:59:14 CST 2020
	at org.mybatis.spring.MyBatisExceptionTranslator.translateExceptionIfPossible(MyBatisExceptionTranslator.java:77)
	at org.mybatis.spring.SqlSessionTemplate$SqlSessionInterceptor.invoke(SqlSessionTemplate.java:446)
	at com.sun.proxy.$Proxy103.insert(Unknown Source)
	at org.mybatis.spring.SqlSessionTemplate.insert(SqlSessionTemplate.java:278)
	at org.apache.ibatis.binding.MapperMethod.execute(MapperMethod.java:58)
	at org.apache.ibatis.binding.MapperProxy.invoke(MapperProxy.java:59)
	at com.sun.proxy.$Proxy149.insert(Unknown Source)
	at com.RealLis.dataSync.service.impl.LTsmxHisServiceImpl.insert(LTsmxHisServiceImpl.java:30)
	at com.RealLis.dataSync.service.impl.LTsmxHisServiceImpl$$FastClassBySpringCGLIB$$8c2b6a0a.invoke(<generated>)
	at org.springframework.cglib.proxy.MethodProxy.invoke(MethodProxy.java:218)
	at org.springframework.aop.framework.CglibAopProxy$CglibMethodInvocation.invokeJoinpoint(CglibAopProxy.java:771)
	at org.springframework.aop.framework.ReflectiveMethodInvocation.proceed(ReflectiveMethodInvocation.java:163)
	at org.springframework.aop.framework.CglibAopProxy$CglibMethodInvocation.proceed(CglibAopProxy.java:749)
	at org.springframework.aop.aspectj.MethodInvocationProceedingJoinPoint.proceed(MethodInvocationProceedingJoinPoint.java:88)
	at com.RealLis.framework.aspectj.DataSourceAspect.around(DataSourceAspect.java:47)
	at sun.reflect.NativeMethodAccessorImpl.invoke0(Native Method)
	at sun.reflect.NativeMethodAccessorImpl.invoke(NativeMethodAccessorImpl.java:62)
	at sun.reflect.DelegatingMethodAccessorImpl.invoke(DelegatingMethodAccessorImpl.java:43)
	at java.lang.reflect.Method.invoke(Method.java:498)
	at org.springframework.aop.aspectj.AbstractAspectJAdvice.invokeAdviceMethodWithGivenArgs(AbstractAspectJAdvice.java:644)
	at org.springframework.aop.aspectj.AbstractAspectJAdvice.invokeAdviceMethod(AbstractAspectJAdvice.java:633)
	at org.springframework.aop.aspectj.AspectJAroundAdvice.invoke(AspectJAroundAdvice.java:70)
	at org.springframework.aop.framework.ReflectiveMethodInvocation.proceed(ReflectiveMethodInvocation.java:175)
	at org.springframework.aop.framework.CglibAopProxy$CglibMethodInvocation.proceed(CglibAopProxy.java:749)
	at org.springframework.aop.interceptor.ExposeInvocationInterceptor.invoke(ExposeInvocationInterceptor.java:95)
	at org.springframework.aop.framework.ReflectiveMethodInvocation.proceed(ReflectiveMethodInvocation.java:186)
	at org.springframework.aop.framework.CglibAopProxy$CglibMethodInvocation.proceed(CglibAopProxy.java:749)
	at org.springframework.aop.framework.CglibAopProxy$DynamicAdvisedInterceptor.intercept(CglibAopProxy.java:691)
	at com.RealLis.dataSync.service.impl.LTsmxHisServiceImpl$$EnhancerBySpringCGLIB$$6752a341.insert(<generated>)
	at com.RealLis.quartz.task.CriticalTask.criticalLis2His(CriticalTask.java:258)
	... 10 common frames omitted
Caused by: org.apache.ibatis.exceptions.PersistenceException: 
### Error updating database.  Cause: org.springframework.jdbc.CannotGetJdbcConnectionException: Failed to obtain JDBC Connection; nested exception is com.alibaba.druid.pool.DataSourceClosedException: dataSource already closed at Mon Jul 27 18:59:14 CST 2020
### Cause: org.springframework.jdbc.CannotGetJdbcConnectionException: Failed to obtain JDBC Connection; nested exception is com.alibaba.druid.pool.DataSourceClosedException: dataSource already closed at Mon Jul 27 18:59:14 CST 2020
	at org.apache.ibatis.exceptions.ExceptionFactory.wrapException(ExceptionFactory.java:30)
	at org.apache.ibatis.session.defaults.DefaultSqlSession.update(DefaultSqlSession.java:200)
	at org.apache.ibatis.session.defaults.DefaultSqlSession.insert(DefaultSqlSession.java:185)
	at sun.reflect.NativeMethodAccessorImpl.invoke0(Native Method)
	at sun.reflect.NativeMethodAccessorImpl.invoke(NativeMethodAccessorImpl.java:62)
	at sun.reflect.DelegatingMethodAccessorImpl.invoke(DelegatingMethodAccessorImpl.java:43)
	at java.lang.reflect.Method.invoke(Method.java:498)
	at org.mybatis.spring.SqlSessionTemplate$SqlSessionInterceptor.invoke(SqlSessionTemplate.java:433)
	... 38 common frames omitted
Caused by: org.springframework.jdbc.CannotGetJdbcConnectionException: Failed to obtain JDBC Connection; nested exception is com.alibaba.druid.pool.DataSourceClosedException: dataSource already closed at Mon Jul 27 18:59:14 CST 2020
	at org.springframework.jdbc.datasource.DataSourceUtils.getConnection(DataSourceUtils.java:82)
	at org.mybatis.spring.transaction.SpringManagedTransaction.openConnection(SpringManagedTransaction.java:82)
	at org.mybatis.spring.transaction.SpringManagedTransaction.getConnection(SpringManagedTransaction.java:68)
	at org.apache.ibatis.executor.BaseExecutor.getConnection(BaseExecutor.java:338)
	at org.apache.ibatis.executor.ReuseExecutor.prepareStatement(ReuseExecutor.java:88)
	at org.apache.ibatis.executor.ReuseExecutor.doUpdate(ReuseExecutor.java:51)
	at org.apache.ibatis.executor.BaseExecutor.update(BaseExecutor.java:117)
	at org.apache.ibatis.executor.CachingExecutor.update(CachingExecutor.java:76)
	at sun.reflect.NativeMethodAccessorImpl.invoke0(Native Method)
	at sun.reflect.NativeMethodAccessorImpl.invoke(NativeMethodAccessorImpl.java:62)
	at sun.reflect.DelegatingMethodAccessorImpl.invoke(DelegatingMethodAccessorImpl.java:43)
	at java.lang.reflect.Method.invoke(Method.java:498)
	at org.apache.ibatis.plugin.Plugin.invoke(Plugin.java:63)
	at com.sun.proxy.$Proxy200.update(Unknown Source)
	at org.apache.ibatis.session.defaults.DefaultSqlSession.update(DefaultSqlSession.java:198)
	... 44 common frames omitted
Caused by: com.alibaba.druid.pool.DataSourceClosedException: dataSource already closed at Mon Jul 27 18:59:14 CST 2020
	at com.alibaba.druid.pool.DruidDataSource.getConnectionInternal(DruidDataSource.java:1429)
	at com.alibaba.druid.pool.DruidDataSource.getConnectionDirect(DruidDataSource.java:1326)
	at com.alibaba.druid.filter.FilterChainImpl.dataSource_connect(FilterChainImpl.java:5007)
	at com.alibaba.druid.filter.stat.StatFilter.dataSource_getConnection(StatFilter.java:680)
	at com.alibaba.druid.filter.FilterChainImpl.dataSource_connect(FilterChainImpl.java:5003)
	at com.alibaba.druid.pool.DruidDataSource.getConnection(DruidDataSource.java:1304)
	at com.alibaba.druid.pool.DruidDataSource.getConnection(DruidDataSource.java:1296)
	at com.alibaba.druid.pool.DruidDataSource.getConnection(DruidDataSource.java:109)
	at org.springframework.jdbc.datasource.lookup.AbstractRoutingDataSource.getConnection(AbstractRoutingDataSource.java:170)
	at org.springframework.jdbc.datasource.DataSourceUtils.fetchConnection(DataSourceUtils.java:158)
	at org.springframework.jdbc.datasource.DataSourceUtils.doGetConnection(DataSourceUtils.java:116)
	at org.springframework.jdbc.datasource.DataSourceUtils.getConnection(DataSourceUtils.java:79)
	... 58 common frames omitted
18:59:14.059 [LeanScheduler_Worker-1] ERROR o.q.core.JobRunShell - [run,211] - Job DEFAULT.TASK_CLASS_NAME141 threw an unhandled Exception: 
org.springframework.beans.factory.BeanCreationNotAllowedException: Error creating bean with name 'sysJobLogServiceImpl': Singleton bean creation not allowed while singletons of this factory are in destruction (Do not request a bean from a BeanFactory in a destroy method implementation!)
	at org.springframework.beans.factory.support.DefaultSingletonBeanRegistry.getSingleton(DefaultSingletonBeanRegistry.java:208)
	at org.springframework.beans.factory.support.AbstractBeanFactory.doGetBean(AbstractBeanFactory.java:321)
	at org.springframework.beans.factory.support.AbstractBeanFactory.getBean(AbstractBeanFactory.java:227)
	at org.springframework.beans.factory.support.DefaultListableBeanFactory.resolveNamedBean(DefaultListableBeanFactory.java:1158)
	at org.springframework.beans.factory.support.DefaultListableBeanFactory.resolveBean(DefaultListableBeanFactory.java:419)
	at org.springframework.beans.factory.support.DefaultListableBeanFactory.getBean(DefaultListableBeanFactory.java:349)
	at org.springframework.beans.factory.support.DefaultListableBeanFactory.getBean(DefaultListableBeanFactory.java:342)
	at com.RealLis.common.utils.spring.SpringUtils.getBean(SpringUtils.java:51)
	at com.RealLis.quartz.util.AbstractQuartzJob.after(AbstractQuartzJob.java:95)
	at com.RealLis.quartz.util.AbstractQuartzJob.execute(AbstractQuartzJob.java:49)
	at org.quartz.core.JobRunShell.run(JobRunShell.java:202)
	at org.quartz.simpl.SimpleThreadPool$WorkerThread.run(SimpleThreadPool.java:573)
18:59:14.059 [LeanScheduler_Worker-1] ERROR o.q.core.ErrorLogger - [schedulerError,2407] - Job (DEFAULT.TASK_CLASS_NAME141 threw an exception.
org.quartz.SchedulerException: Job threw an unhandled exception.
	at org.quartz.core.JobRunShell.run(JobRunShell.java:213)
	at org.quartz.simpl.SimpleThreadPool$WorkerThread.run(SimpleThreadPool.java:573)
Caused by: org.springframework.beans.factory.BeanCreationNotAllowedException: Error creating bean with name 'sysJobLogServiceImpl': Singleton bean creation not allowed while singletons of this factory are in destruction (Do not request a bean from a BeanFactory in a destroy method implementation!)
	at org.springframework.beans.factory.support.DefaultSingletonBeanRegistry.getSingleton(DefaultSingletonBeanRegistry.java:208)
	at org.springframework.beans.factory.support.AbstractBeanFactory.doGetBean(AbstractBeanFactory.java:321)
	at org.springframework.beans.factory.support.AbstractBeanFactory.getBean(AbstractBeanFactory.java:227)
	at org.springframework.beans.factory.support.DefaultListableBeanFactory.resolveNamedBean(DefaultListableBeanFactory.java:1158)
	at org.springframework.beans.factory.support.DefaultListableBeanFactory.resolveBean(DefaultListableBeanFactory.java:419)
	at org.springframework.beans.factory.support.DefaultListableBeanFactory.getBean(DefaultListableBeanFactory.java:349)
	at org.springframework.beans.factory.support.DefaultListableBeanFactory.getBean(DefaultListableBeanFactory.java:342)
	at com.RealLis.common.utils.spring.SpringUtils.getBean(SpringUtils.java:51)
	at com.RealLis.quartz.util.AbstractQuartzJob.after(AbstractQuartzJob.java:95)
	at com.RealLis.quartz.util.AbstractQuartzJob.execute(AbstractQuartzJob.java:49)
	at org.quartz.core.JobRunShell.run(JobRunShell.java:202)
	... 1 common frames omitted
18:59:14.060 [LeanScheduler_Worker-1] ERROR o.q.s.SimpleThreadPool - [run,585] - Error while executing the Runnable: 
java.lang.IllegalStateException: JobStore is shutdown - aborting retry
	at org.quartz.impl.jdbcjobstore.JobStoreSupport.retryExecuteInNonManagedTXLock(JobStoreSupport.java:3833)
	at org.quartz.impl.jdbcjobstore.JobStoreSupport.triggeredJobComplete(JobStoreSupport.java:3116)
	at org.quartz.core.QuartzScheduler.notifyJobStoreJobComplete(QuartzScheduler.java:1786)
	at org.quartz.core.JobRunShell.run(JobRunShell.java:269)
	at org.quartz.simpl.SimpleThreadPool$WorkerThread.run(SimpleThreadPool.java:573)
20:31:17.698 [LeanScheduler_Worker-5] ERROR c.a.d.f.s.StatFilter - [internalAfterStatementExecute,478] - slow sql 1452 millis. select
        JLXH, XH, EVENTYPE, JLSJ
        from L_TSXX_TR
          
        order by jlxh asc[]
20:31:39.876 [LeanScheduler_QuartzSchedulerThread] ERROR c.a.d.f.s.StatFilter - [internalAfterStatementExecute,478] - slow sql 14482 millis. SELECT * FROM QRTZ_JOB_DETAILS WHERE SCHED_NAME = 'LeanScheduler' AND JOB_NAME = ? AND JOB_GROUP = ?["TASK_CLASS_NAME100","DEFAULT"]
20:47:34.309 [http-nio-20201-exec-9] ERROR c.a.d.f.s.StatFilter - [internalAfterStatementExecute,478] - slow sql 1935 millis. SELECT count(0) FROM sys_job[]
20:47:50.651 [LeanScheduler_Worker-1] ERROR c.a.d.f.s.StatFilter - [internalAfterStatementExecute,478] - slow sql 1143 millis. select top 1
          XH, BBBH, TSNR, CLR_YS, CLSJ_YS, CLBZ_YS, CLR_HS, CLSJ_HS, CLNR_HS, CLBZ_HS, TSLX, TSRQ, TSR, CNAME, CIP, ZGYS, ZGHS, BQDM, KSDM, SYSTYPE, KDYS, BRID, JZLB, TEL_P, TEL_YS, SENDFLAG, SENTIME, id, tsrxm, tsrdh, tsks, CLNR_YS, transed, bzsm, MPI, brxm, ksmc, lisxh
        from dbo.L_TSXX
        where XH = ?[90696]
