main|2020-10-29 13:33:10.256|DEBUG|o.m.s.mapper.ClassPathMapperScanner|Identified candidate component class: URL [jar:file:/D:/ideaProject/RealLis/RealLis/RealLis-main/target/RealLis-main.jar!/BOOT-INF/lib/RealLis-specimenInhos-1.0.0.jar!/com/RealLis/specimenInhos/mapper/HisAdviceMapper.class]
main|2020-10-29 13:33:10.257|DEBUG|o.m.s.mapper.ClassPathMapperScanner|Identified candidate component class: URL [jar:file:/D:/ideaProject/RealLis/RealLis/RealLis-main/target/RealLis-main.jar!/BOOT-INF/lib/RealLis-specimenInhos-1.0.0.jar!/com/RealLis/specimenInhos/mapper/LjytmxxMapper.class]
main|2020-10-29 13:33:10.259|DEBUG|o.m.s.mapper.ClassPathMapperScanner|Identified candidate component class: URL [jar:file:/D:/ideaProject/RealLis/RealLis/RealLis-main/target/RealLis-main.jar!/BOOT-INF/lib/RealLis-specimenInhos-1.0.0.jar!/com/RealLis/specimenInhos/mapper/LLoginsticsMapper.class]
main|2020-10-29 13:33:10.260|DEBUG|o.m.s.mapper.ClassPathMapperScanner|Identified candidate component class: URL [jar:file:/D:/ideaProject/RealLis/RealLis/RealLis-main/target/RealLis-main.jar!/BOOT-INF/lib/RealLis-specimenInhos-1.0.0.jar!/com/RealLis/specimenInhos/mapper/LSampletypeMapper.class]
main|2020-10-29 13:33:10.260|DEBUG|o.m.s.mapper.ClassPathMapperScanner|Identified candidate component class: URL [jar:file:/D:/ideaProject/RealLis/RealLis/RealLis-main/target/RealLis-main.jar!/BOOT-INF/lib/RealLis-specimenInhos-1.0.0.jar!/com/RealLis/specimenInhos/mapper/ReportPostBackMapper.class]
main|2020-10-29 13:33:10.261|DEBUG|o.m.s.mapper.ClassPathMapperScanner|Identified candidate component class: URL [jar:file:/D:/ideaProject/RealLis/RealLis/RealLis-main/target/RealLis-main.jar!/BOOT-INF/lib/RealLis-specimenInhos-1.0.0.jar!/com/RealLis/specimenInhos/mapper/ReturnAuditMapper.class]
main|2020-10-29 13:33:10.262|DEBUG|o.m.s.mapper.ClassPathMapperScanner|Identified candidate component class: URL [jar:file:/D:/ideaProject/RealLis/RealLis/RealLis-main/target/RealLis-main.jar!/BOOT-INF/lib/RealLis-specimenInhos-1.0.0.jar!/com/RealLis/specimenInhos/mapper/ViLisAdviseHerenMapper.class]
main|2020-10-29 13:33:10.262|DEBUG|o.m.s.mapper.ClassPathMapperScanner|Identified candidate component class: URL [jar:file:/D:/ideaProject/RealLis/RealLis/RealLis-main/target/RealLis-main.jar!/BOOT-INF/lib/RealLis-specimenInhos-1.0.0.jar!/com/RealLis/specimenInhos/mapper/ViLisBarcodeInfoMapper.class]
main|2020-10-29 13:33:10.263|DEBUG|o.m.s.mapper.ClassPathMapperScanner|Identified candidate component class: URL [jar:file:/D:/ideaProject/RealLis/RealLis/RealLis-main/target/RealLis-main.jar!/BOOT-INF/lib/RealLis-dataSync-1.0.0.jar!/com/RealLis/dataSync/mapper/LTsmxMapper.class]
main|2020-10-29 13:33:10.263|DEBUG|o.m.s.mapper.ClassPathMapperScanner|Identified candidate component class: URL [jar:file:/D:/ideaProject/RealLis/RealLis/RealLis-main/target/RealLis-main.jar!/BOOT-INF/lib/RealLis-dataSync-1.0.0.jar!/com/RealLis/dataSync/mapper/LTsxxHisMapper.class]
main|2020-10-29 13:33:10.263|DEBUG|o.m.s.mapper.ClassPathMapperScanner|Identified candidate component class: URL [jar:file:/D:/ideaProject/RealLis/RealLis/RealLis-main/target/RealLis-main.jar!/BOOT-INF/lib/RealLis-dataSync-1.0.0.jar!/com/RealLis/dataSync/mapper/LTsxxLisMapper.class]
main|2020-10-29 13:33:10.264|DEBUG|o.m.s.mapper.ClassPathMapperScanner|Identified candidate component class: URL [jar:file:/D:/ideaProject/RealLis/RealLis/RealLis-main/target/RealLis-main.jar!/BOOT-INF/lib/RealLis-dataSync-1.0.0.jar!/com/RealLis/dataSync/mapper/LTsxxTrMapper.class]
main|2020-10-29 13:33:10.265|DEBUG|o.m.s.mapper.ClassPathMapperScanner|Identified candidate component class: URL [jar:file:/D:/ideaProject/RealLis/RealLis/RealLis-main/target/RealLis-main.jar!/BOOT-INF/lib/RealLis-quartz-1.0.0.jar!/com/RealLis/quartz/mapper/SysJobLogMapper.class]
main|2020-10-29 13:33:10.265|DEBUG|o.m.s.mapper.ClassPathMapperScanner|Identified candidate component class: URL [jar:file:/D:/ideaProject/RealLis/RealLis/RealLis-main/target/RealLis-main.jar!/BOOT-INF/lib/RealLis-quartz-1.0.0.jar!/com/RealLis/quartz/mapper/SysJobMapper.class]
main|2020-10-29 13:33:10.268|DEBUG|o.m.s.mapper.ClassPathMapperScanner|Creating MapperFactoryBean with name 'hisAdviceMapper' and 'com.RealLis.specimenInhos.mapper.HisAdviceMapper' mapperInterface
main|2020-10-29 13:33:10.271|DEBUG|o.m.s.mapper.ClassPathMapperScanner|Enabling autowire by type for MapperFactoryBean with name 'hisAdviceMapper'.
main|2020-10-29 13:33:10.272|DEBUG|o.m.s.mapper.ClassPathMapperScanner|Creating MapperFactoryBean with name 'ljytmxxMapper' and 'com.RealLis.specimenInhos.mapper.LjytmxxMapper' mapperInterface
main|2020-10-29 13:33:10.272|DEBUG|o.m.s.mapper.ClassPathMapperScanner|Enabling autowire by type for MapperFactoryBean with name 'ljytmxxMapper'.
main|2020-10-29 13:33:10.273|DEBUG|o.m.s.mapper.ClassPathMapperScanner|Creating MapperFactoryBean with name 'LLoginsticsMapper' and 'com.RealLis.specimenInhos.mapper.LLoginsticsMapper' mapperInterface
main|2020-10-29 13:33:10.273|DEBUG|o.m.s.mapper.ClassPathMapperScanner|Enabling autowire by type for MapperFactoryBean with name 'LLoginsticsMapper'.
main|2020-10-29 13:33:10.274|DEBUG|o.m.s.mapper.ClassPathMapperScanner|Creating MapperFactoryBean with name 'LSampletypeMapper' and 'com.RealLis.specimenInhos.mapper.LSampletypeMapper' mapperInterface
main|2020-10-29 13:33:10.275|DEBUG|o.m.s.mapper.ClassPathMapperScanner|Enabling autowire by type for MapperFactoryBean with name 'LSampletypeMapper'.
main|2020-10-29 13:33:10.275|DEBUG|o.m.s.mapper.ClassPathMapperScanner|Creating MapperFactoryBean with name 'reportPostBackMapper' and 'com.RealLis.specimenInhos.mapper.ReportPostBackMapper' mapperInterface
main|2020-10-29 13:33:10.276|DEBUG|o.m.s.mapper.ClassPathMapperScanner|Enabling autowire by type for MapperFactoryBean with name 'reportPostBackMapper'.
main|2020-10-29 13:33:10.276|DEBUG|o.m.s.mapper.ClassPathMapperScanner|Creating MapperFactoryBean with name 'returnAuditMapper' and 'com.RealLis.specimenInhos.mapper.ReturnAuditMapper' mapperInterface
main|2020-10-29 13:33:10.277|DEBUG|o.m.s.mapper.ClassPathMapperScanner|Enabling autowire by type for MapperFactoryBean with name 'returnAuditMapper'.
main|2020-10-29 13:33:10.277|DEBUG|o.m.s.mapper.ClassPathMapperScanner|Creating MapperFactoryBean with name 'viLisAdviseHerenMapper' and 'com.RealLis.specimenInhos.mapper.ViLisAdviseHerenMapper' mapperInterface
main|2020-10-29 13:33:10.280|DEBUG|o.m.s.mapper.ClassPathMapperScanner|Enabling autowire by type for MapperFactoryBean with name 'viLisAdviseHerenMapper'.
main|2020-10-29 13:33:10.280|DEBUG|o.m.s.mapper.ClassPathMapperScanner|Creating MapperFactoryBean with name 'viLisBarcodeInfoMapper' and 'com.RealLis.specimenInhos.mapper.ViLisBarcodeInfoMapper' mapperInterface
main|2020-10-29 13:33:10.281|DEBUG|o.m.s.mapper.ClassPathMapperScanner|Enabling autowire by type for MapperFactoryBean with name 'viLisBarcodeInfoMapper'.
main|2020-10-29 13:33:10.281|DEBUG|o.m.s.mapper.ClassPathMapperScanner|Creating MapperFactoryBean with name 'LTsmxMapper' and 'com.RealLis.dataSync.mapper.LTsmxMapper' mapperInterface
main|2020-10-29 13:33:10.282|DEBUG|o.m.s.mapper.ClassPathMapperScanner|Enabling autowire by type for MapperFactoryBean with name 'LTsmxMapper'.
main|2020-10-29 13:33:10.284|DEBUG|o.m.s.mapper.ClassPathMapperScanner|Creating MapperFactoryBean with name 'LTsxxHisMapper' and 'com.RealLis.dataSync.mapper.LTsxxHisMapper' mapperInterface
main|2020-10-29 13:33:10.284|DEBUG|o.m.s.mapper.ClassPathMapperScanner|Enabling autowire by type for MapperFactoryBean with name 'LTsxxHisMapper'.
main|2020-10-29 13:33:10.286|DEBUG|o.m.s.mapper.ClassPathMapperScanner|Creating MapperFactoryBean with name 'LTsxxLisMapper' and 'com.RealLis.dataSync.mapper.LTsxxLisMapper' mapperInterface
main|2020-10-29 13:33:10.286|DEBUG|o.m.s.mapper.ClassPathMapperScanner|Enabling autowire by type for MapperFactoryBean with name 'LTsxxLisMapper'.
main|2020-10-29 13:33:10.287|DEBUG|o.m.s.mapper.ClassPathMapperScanner|Creating MapperFactoryBean with name 'LTsxxTrMapper' and 'com.RealLis.dataSync.mapper.LTsxxTrMapper' mapperInterface
main|2020-10-29 13:33:10.287|DEBUG|o.m.s.mapper.ClassPathMapperScanner|Enabling autowire by type for MapperFactoryBean with name 'LTsxxTrMapper'.
main|2020-10-29 13:33:10.290|DEBUG|o.m.s.mapper.ClassPathMapperScanner|Creating MapperFactoryBean with name 'sysJobLogMapper' and 'com.RealLis.quartz.mapper.SysJobLogMapper' mapperInterface
main|2020-10-29 13:33:10.290|DEBUG|o.m.s.mapper.ClassPathMapperScanner|Enabling autowire by type for MapperFactoryBean with name 'sysJobLogMapper'.
main|2020-10-29 13:33:10.291|DEBUG|o.m.s.mapper.ClassPathMapperScanner|Creating MapperFactoryBean with name 'sysJobMapper' and 'com.RealLis.quartz.mapper.SysJobMapper' mapperInterface
main|2020-10-29 13:33:10.292|DEBUG|o.m.s.mapper.ClassPathMapperScanner|Enabling autowire by type for MapperFactoryBean with name 'sysJobMapper'.
main|2020-10-29 13:33:14.301|DEBUG|o.m.spring.SqlSessionFactoryBean|Scanned package: 'com.RealLis.specimenInhos.domain.ReturnAudit' for aliases
main|2020-10-29 13:33:14.305|DEBUG|o.m.spring.SqlSessionFactoryBean|Scanned package: 'com.RealLis.specimenInhos.domain.PostBack.reportPostBack' for aliases
main|2020-10-29 13:33:14.309|DEBUG|o.m.spring.SqlSessionFactoryBean|Scanned package: 'com.RealLis.specimenInhos.domain.PostBack.packageORC' for aliases
main|2020-10-29 13:33:14.317|DEBUG|o.m.spring.SqlSessionFactoryBean|Scanned package: 'com.RealLis.specimenInhos.domain.PostBack' for aliases
main|2020-10-29 13:33:14.321|DEBUG|o.m.spring.SqlSessionFactoryBean|Scanned package: 'com.RealLis.specimenInhos.domain.PostBack.reportPostBack.packageOBX' for aliases
main|2020-10-29 13:33:14.325|DEBUG|o.m.spring.SqlSessionFactoryBean|Scanned package: 'com.RealLis.specimenInhos.domain.PostBack.packagePID' for aliases
main|2020-10-29 13:33:14.328|DEBUG|o.m.spring.SqlSessionFactoryBean|Scanned package: 'com.RealLis.specimenInhos.domain.PostBack.packagePV1' for aliases
main|2020-10-29 13:33:14.333|DEBUG|o.m.spring.SqlSessionFactoryBean|Scanned package: 'com.RealLis.specimenInhos.domain.PostBack.packageOBR' for aliases
main|2020-10-29 13:33:14.338|DEBUG|o.m.spring.SqlSessionFactoryBean|Scanned package: 'com.RealLis.specimenInhos.domain' for aliases
main|2020-10-29 13:33:14.342|DEBUG|o.m.spring.SqlSessionFactoryBean|Scanned package: 'com.RealLis.specimenInhos.domain.PostBack.germReportPostBack.packageOBX' for aliases
main|2020-10-29 13:33:14.345|DEBUG|o.m.spring.SqlSessionFactoryBean|Scanned package: 'com.RealLis.specimenInhos.domain.PostBack.germReportPostBack' for aliases
main|2020-10-29 13:33:14.347|DEBUG|o.m.spring.SqlSessionFactoryBean|Scanned package: 'com.RealLis.dataSync.domain' for aliases
main|2020-10-29 13:33:14.351|DEBUG|o.m.spring.SqlSessionFactoryBean|Scanned package: 'com.RealLis.common.core.domain' for aliases
main|2020-10-29 13:33:14.359|DEBUG|o.m.spring.SqlSessionFactoryBean|Scanned package: 'com.RealLis.web.controller.demo.domain' for aliases
main|2020-10-29 13:33:14.362|DEBUG|o.m.spring.SqlSessionFactoryBean|Scanned package: 'com.RealLis.quartz.domain' for aliases
main|2020-10-29 13:33:14.365|DEBUG|o.m.spring.SqlSessionFactoryBean|Scanned package: 'com.RealLis.specimenInhos.domain.PostBack.germReportPostBack.packageZMIC' for aliases
main|2020-10-29 13:33:14.431|DEBUG|o.m.spring.SqlSessionFactoryBean|Parsed configuration file: 'class path resource [mybatis/mybatis-config.xml]'
main|2020-10-29 13:33:14.497|DEBUG|o.m.spring.SqlSessionFactoryBean|Parsed mapper file: 'URL [jar:file:/D:/ideaProject/RealLis/RealLis/RealLis-main/target/RealLis-main.jar!/BOOT-INF/lib/RealLis-specimenInhos-1.0.0.jar!/mapper/specimenInhos/HisAdviceMapper.xml]'
main|2020-10-29 13:33:14.517|DEBUG|o.m.spring.SqlSessionFactoryBean|Parsed mapper file: 'URL [jar:file:/D:/ideaProject/RealLis/RealLis/RealLis-main/target/RealLis-main.jar!/BOOT-INF/lib/RealLis-specimenInhos-1.0.0.jar!/mapper/specimenInhos/LJytmxxMapper.xml]'
main|2020-10-29 13:33:14.594|DEBUG|o.m.spring.SqlSessionFactoryBean|Parsed mapper file: 'URL [jar:file:/D:/ideaProject/RealLis/RealLis/RealLis-main/target/RealLis-main.jar!/BOOT-INF/lib/RealLis-specimenInhos-1.0.0.jar!/mapper/specimenInhos/LLogisticsMapper.xml]'
main|2020-10-29 13:33:14.607|DEBUG|o.m.spring.SqlSessionFactoryBean|Parsed mapper file: 'URL [jar:file:/D:/ideaProject/RealLis/RealLis/RealLis-main/target/RealLis-main.jar!/BOOT-INF/lib/RealLis-specimenInhos-1.0.0.jar!/mapper/specimenInhos/LSampletypeMapper.xml]'
main|2020-10-29 13:33:14.647|DEBUG|o.m.spring.SqlSessionFactoryBean|Parsed mapper file: 'URL [jar:file:/D:/ideaProject/RealLis/RealLis/RealLis-main/target/RealLis-main.jar!/BOOT-INF/lib/RealLis-specimenInhos-1.0.0.jar!/mapper/specimenInhos/ReportPostBackMapper.xml]'
main|2020-10-29 13:33:14.656|DEBUG|o.m.spring.SqlSessionFactoryBean|Parsed mapper file: 'URL [jar:file:/D:/ideaProject/RealLis/RealLis/RealLis-main/target/RealLis-main.jar!/BOOT-INF/lib/RealLis-specimenInhos-1.0.0.jar!/mapper/specimenInhos/ReturnAuditMapper.xml]'
main|2020-10-29 13:33:14.667|DEBUG|o.m.spring.SqlSessionFactoryBean|Parsed mapper file: 'URL [jar:file:/D:/ideaProject/RealLis/RealLis/RealLis-main/target/RealLis-main.jar!/BOOT-INF/lib/RealLis-specimenInhos-1.0.0.jar!/mapper/specimenInhos/ViLisAdviseHerenMapper.xml]'
main|2020-10-29 13:33:14.687|DEBUG|o.m.spring.SqlSessionFactoryBean|Parsed mapper file: 'URL [jar:file:/D:/ideaProject/RealLis/RealLis/RealLis-main/target/RealLis-main.jar!/BOOT-INF/lib/RealLis-specimenInhos-1.0.0.jar!/mapper/specimenInhos/ViLisBarcodeInfoMapper.xml]'
main|2020-10-29 13:33:14.702|DEBUG|o.m.spring.SqlSessionFactoryBean|Parsed mapper file: 'URL [jar:file:/D:/ideaProject/RealLis/RealLis/RealLis-main/target/RealLis-main.jar!/BOOT-INF/lib/RealLis-dataSync-1.0.0.jar!/mapper/dataSync/LTsmxMapper.xml]'
main|2020-10-29 13:33:14.720|DEBUG|o.m.spring.SqlSessionFactoryBean|Parsed mapper file: 'URL [jar:file:/D:/ideaProject/RealLis/RealLis/RealLis-main/target/RealLis-main.jar!/BOOT-INF/lib/RealLis-dataSync-1.0.0.jar!/mapper/dataSync/LTsxxHisMapper.xml]'
main|2020-10-29 13:33:14.742|DEBUG|o.m.spring.SqlSessionFactoryBean|Parsed mapper file: 'URL [jar:file:/D:/ideaProject/RealLis/RealLis/RealLis-main/target/RealLis-main.jar!/BOOT-INF/lib/RealLis-dataSync-1.0.0.jar!/mapper/dataSync/LTsxxLisMapper.xml]'
main|2020-10-29 13:33:14.751|DEBUG|o.m.spring.SqlSessionFactoryBean|Parsed mapper file: 'URL [jar:file:/D:/ideaProject/RealLis/RealLis/RealLis-main/target/RealLis-main.jar!/BOOT-INF/lib/RealLis-dataSync-1.0.0.jar!/mapper/dataSync/LTsxxTrMapper.xml]'
main|2020-10-29 13:33:14.769|DEBUG|o.m.spring.SqlSessionFactoryBean|Parsed mapper file: 'URL [jar:file:/D:/ideaProject/RealLis/RealLis/RealLis-main/target/RealLis-main.jar!/BOOT-INF/lib/RealLis-quartz-1.0.0.jar!/mapper/quartz/SysJobLogMapper.xml]'
main|2020-10-29 13:33:14.782|DEBUG|o.m.spring.SqlSessionFactoryBean|Parsed mapper file: 'URL [jar:file:/D:/ideaProject/RealLis/RealLis/RealLis-main/target/RealLis-main.jar!/BOOT-INF/lib/RealLis-quartz-1.0.0.jar!/mapper/quartz/SysJobMapper.xml]'
main|2020-10-29 13:33:17.849|DEBUG|org.mybatis.spring.SqlSessionUtils|Creating a new SqlSession
main|2020-10-29 13:33:17.857|DEBUG|org.mybatis.spring.SqlSessionUtils|SqlSession [org.apache.ibatis.session.defaults.DefaultSqlSession@12e26d0] was not registered for synchronization because synchronization is not active
main|2020-10-29 13:33:17.873|DEBUG|o.m.s.t.SpringManagedTransaction|JDBC Connection [com.alibaba.druid.proxy.jdbc.ConnectionProxyImpl@ab18da] will not be managed by Spring
main|2020-10-29 13:33:17.878|DEBUG|m.c.R.q.m.SysJobMapper.selectJobAll|==>  Preparing: select job_id, job_name, job_group, invoke_target, cron_expression, misfire_policy, concurrent, status, create_by, create_time, remark from sys_job 
main|2020-10-29 13:33:17.891|DEBUG|m.c.R.q.m.SysJobMapper.selectJobAll|==> Parameters: 
main|2020-10-29 13:33:17.912|DEBUG|m.c.R.q.m.SysJobMapper.selectJobAll|<==      Total: 2
main|2020-10-29 13:33:17.914|DEBUG|org.mybatis.spring.SqlSessionUtils|Closing non transactional SqlSession [org.apache.ibatis.session.defaults.DefaultSqlSession@12e26d0]
main|2020-10-29 13:33:48.851|DEBUG|o.m.s.mapper.ClassPathMapperScanner|Identified candidate component class: URL [jar:file:/D:/ideaProject/RealLis/RealLis/RealLis-main/target/RealLis-main.jar!/BOOT-INF/lib/RealLis-specimenInhos-1.0.0.jar!/com/RealLis/specimenInhos/mapper/HisAdviceMapper.class]
main|2020-10-29 13:33:48.852|DEBUG|o.m.s.mapper.ClassPathMapperScanner|Identified candidate component class: URL [jar:file:/D:/ideaProject/RealLis/RealLis/RealLis-main/target/RealLis-main.jar!/BOOT-INF/lib/RealLis-specimenInhos-1.0.0.jar!/com/RealLis/specimenInhos/mapper/LjytmxxMapper.class]
main|2020-10-29 13:33:48.852|DEBUG|o.m.s.mapper.ClassPathMapperScanner|Identified candidate component class: URL [jar:file:/D:/ideaProject/RealLis/RealLis/RealLis-main/target/RealLis-main.jar!/BOOT-INF/lib/RealLis-specimenInhos-1.0.0.jar!/com/RealLis/specimenInhos/mapper/LLoginsticsMapper.class]
main|2020-10-29 13:33:48.853|DEBUG|o.m.s.mapper.ClassPathMapperScanner|Identified candidate component class: URL [jar:file:/D:/ideaProject/RealLis/RealLis/RealLis-main/target/RealLis-main.jar!/BOOT-INF/lib/RealLis-specimenInhos-1.0.0.jar!/com/RealLis/specimenInhos/mapper/LSampletypeMapper.class]
main|2020-10-29 13:33:48.853|DEBUG|o.m.s.mapper.ClassPathMapperScanner|Identified candidate component class: URL [jar:file:/D:/ideaProject/RealLis/RealLis/RealLis-main/target/RealLis-main.jar!/BOOT-INF/lib/RealLis-specimenInhos-1.0.0.jar!/com/RealLis/specimenInhos/mapper/ReportPostBackMapper.class]
main|2020-10-29 13:33:48.854|DEBUG|o.m.s.mapper.ClassPathMapperScanner|Identified candidate component class: URL [jar:file:/D:/ideaProject/RealLis/RealLis/RealLis-main/target/RealLis-main.jar!/BOOT-INF/lib/RealLis-specimenInhos-1.0.0.jar!/com/RealLis/specimenInhos/mapper/ReturnAuditMapper.class]
main|2020-10-29 13:33:48.854|DEBUG|o.m.s.mapper.ClassPathMapperScanner|Identified candidate component class: URL [jar:file:/D:/ideaProject/RealLis/RealLis/RealLis-main/target/RealLis-main.jar!/BOOT-INF/lib/RealLis-specimenInhos-1.0.0.jar!/com/RealLis/specimenInhos/mapper/ViLisAdviseHerenMapper.class]
main|2020-10-29 13:33:48.854|DEBUG|o.m.s.mapper.ClassPathMapperScanner|Identified candidate component class: URL [jar:file:/D:/ideaProject/RealLis/RealLis/RealLis-main/target/RealLis-main.jar!/BOOT-INF/lib/RealLis-specimenInhos-1.0.0.jar!/com/RealLis/specimenInhos/mapper/ViLisBarcodeInfoMapper.class]
main|2020-10-29 13:33:48.854|DEBUG|o.m.s.mapper.ClassPathMapperScanner|Identified candidate component class: URL [jar:file:/D:/ideaProject/RealLis/RealLis/RealLis-main/target/RealLis-main.jar!/BOOT-INF/lib/RealLis-dataSync-1.0.0.jar!/com/RealLis/dataSync/mapper/LTsmxMapper.class]
main|2020-10-29 13:33:48.855|DEBUG|o.m.s.mapper.ClassPathMapperScanner|Identified candidate component class: URL [jar:file:/D:/ideaProject/RealLis/RealLis/RealLis-main/target/RealLis-main.jar!/BOOT-INF/lib/RealLis-dataSync-1.0.0.jar!/com/RealLis/dataSync/mapper/LTsxxHisMapper.class]
main|2020-10-29 13:33:48.855|DEBUG|o.m.s.mapper.ClassPathMapperScanner|Identified candidate component class: URL [jar:file:/D:/ideaProject/RealLis/RealLis/RealLis-main/target/RealLis-main.jar!/BOOT-INF/lib/RealLis-dataSync-1.0.0.jar!/com/RealLis/dataSync/mapper/LTsxxLisMapper.class]
main|2020-10-29 13:33:48.855|DEBUG|o.m.s.mapper.ClassPathMapperScanner|Identified candidate component class: URL [jar:file:/D:/ideaProject/RealLis/RealLis/RealLis-main/target/RealLis-main.jar!/BOOT-INF/lib/RealLis-dataSync-1.0.0.jar!/com/RealLis/dataSync/mapper/LTsxxTrMapper.class]
main|2020-10-29 13:33:48.855|DEBUG|o.m.s.mapper.ClassPathMapperScanner|Identified candidate component class: URL [jar:file:/D:/ideaProject/RealLis/RealLis/RealLis-main/target/RealLis-main.jar!/BOOT-INF/lib/RealLis-quartz-1.0.0.jar!/com/RealLis/quartz/mapper/SysJobLogMapper.class]
main|2020-10-29 13:33:48.855|DEBUG|o.m.s.mapper.ClassPathMapperScanner|Identified candidate component class: URL [jar:file:/D:/ideaProject/RealLis/RealLis/RealLis-main/target/RealLis-main.jar!/BOOT-INF/lib/RealLis-quartz-1.0.0.jar!/com/RealLis/quartz/mapper/SysJobMapper.class]
main|2020-10-29 13:33:48.856|DEBUG|o.m.s.mapper.ClassPathMapperScanner|Creating MapperFactoryBean with name 'hisAdviceMapper' and 'com.RealLis.specimenInhos.mapper.HisAdviceMapper' mapperInterface
main|2020-10-29 13:33:48.858|DEBUG|o.m.s.mapper.ClassPathMapperScanner|Enabling autowire by type for MapperFactoryBean with name 'hisAdviceMapper'.
main|2020-10-29 13:33:48.859|DEBUG|o.m.s.mapper.ClassPathMapperScanner|Creating MapperFactoryBean with name 'ljytmxxMapper' and 'com.RealLis.specimenInhos.mapper.LjytmxxMapper' mapperInterface
main|2020-10-29 13:33:48.859|DEBUG|o.m.s.mapper.ClassPathMapperScanner|Enabling autowire by type for MapperFactoryBean with name 'ljytmxxMapper'.
main|2020-10-29 13:33:48.859|DEBUG|o.m.s.mapper.ClassPathMapperScanner|Creating MapperFactoryBean with name 'LLoginsticsMapper' and 'com.RealLis.specimenInhos.mapper.LLoginsticsMapper' mapperInterface
main|2020-10-29 13:33:48.859|DEBUG|o.m.s.mapper.ClassPathMapperScanner|Enabling autowire by type for MapperFactoryBean with name 'LLoginsticsMapper'.
main|2020-10-29 13:33:48.859|DEBUG|o.m.s.mapper.ClassPathMapperScanner|Creating MapperFactoryBean with name 'LSampletypeMapper' and 'com.RealLis.specimenInhos.mapper.LSampletypeMapper' mapperInterface
main|2020-10-29 13:33:48.860|DEBUG|o.m.s.mapper.ClassPathMapperScanner|Enabling autowire by type for MapperFactoryBean with name 'LSampletypeMapper'.
main|2020-10-29 13:33:48.860|DEBUG|o.m.s.mapper.ClassPathMapperScanner|Creating MapperFactoryBean with name 'reportPostBackMapper' and 'com.RealLis.specimenInhos.mapper.ReportPostBackMapper' mapperInterface
main|2020-10-29 13:33:48.860|DEBUG|o.m.s.mapper.ClassPathMapperScanner|Enabling autowire by type for MapperFactoryBean with name 'reportPostBackMapper'.
main|2020-10-29 13:33:48.860|DEBUG|o.m.s.mapper.ClassPathMapperScanner|Creating MapperFactoryBean with name 'returnAuditMapper' and 'com.RealLis.specimenInhos.mapper.ReturnAuditMapper' mapperInterface
main|2020-10-29 13:33:48.860|DEBUG|o.m.s.mapper.ClassPathMapperScanner|Enabling autowire by type for MapperFactoryBean with name 'returnAuditMapper'.
main|2020-10-29 13:33:48.861|DEBUG|o.m.s.mapper.ClassPathMapperScanner|Creating MapperFactoryBean with name 'viLisAdviseHerenMapper' and 'com.RealLis.specimenInhos.mapper.ViLisAdviseHerenMapper' mapperInterface
main|2020-10-29 13:33:48.861|DEBUG|o.m.s.mapper.ClassPathMapperScanner|Enabling autowire by type for MapperFactoryBean with name 'viLisAdviseHerenMapper'.
main|2020-10-29 13:33:48.861|DEBUG|o.m.s.mapper.ClassPathMapperScanner|Creating MapperFactoryBean with name 'viLisBarcodeInfoMapper' and 'com.RealLis.specimenInhos.mapper.ViLisBarcodeInfoMapper' mapperInterface
main|2020-10-29 13:33:48.861|DEBUG|o.m.s.mapper.ClassPathMapperScanner|Enabling autowire by type for MapperFactoryBean with name 'viLisBarcodeInfoMapper'.
main|2020-10-29 13:33:48.861|DEBUG|o.m.s.mapper.ClassPathMapperScanner|Creating MapperFactoryBean with name 'LTsmxMapper' and 'com.RealLis.dataSync.mapper.LTsmxMapper' mapperInterface
main|2020-10-29 13:33:48.861|DEBUG|o.m.s.mapper.ClassPathMapperScanner|Enabling autowire by type for MapperFactoryBean with name 'LTsmxMapper'.
main|2020-10-29 13:33:48.862|DEBUG|o.m.s.mapper.ClassPathMapperScanner|Creating MapperFactoryBean with name 'LTsxxHisMapper' and 'com.RealLis.dataSync.mapper.LTsxxHisMapper' mapperInterface
main|2020-10-29 13:33:48.862|DEBUG|o.m.s.mapper.ClassPathMapperScanner|Enabling autowire by type for MapperFactoryBean with name 'LTsxxHisMapper'.
main|2020-10-29 13:33:48.862|DEBUG|o.m.s.mapper.ClassPathMapperScanner|Creating MapperFactoryBean with name 'LTsxxLisMapper' and 'com.RealLis.dataSync.mapper.LTsxxLisMapper' mapperInterface
main|2020-10-29 13:33:48.862|DEBUG|o.m.s.mapper.ClassPathMapperScanner|Enabling autowire by type for MapperFactoryBean with name 'LTsxxLisMapper'.
main|2020-10-29 13:33:48.863|DEBUG|o.m.s.mapper.ClassPathMapperScanner|Creating MapperFactoryBean with name 'LTsxxTrMapper' and 'com.RealLis.dataSync.mapper.LTsxxTrMapper' mapperInterface
main|2020-10-29 13:33:48.863|DEBUG|o.m.s.mapper.ClassPathMapperScanner|Enabling autowire by type for MapperFactoryBean with name 'LTsxxTrMapper'.
main|2020-10-29 13:33:48.863|DEBUG|o.m.s.mapper.ClassPathMapperScanner|Creating MapperFactoryBean with name 'sysJobLogMapper' and 'com.RealLis.quartz.mapper.SysJobLogMapper' mapperInterface
main|2020-10-29 13:33:48.863|DEBUG|o.m.s.mapper.ClassPathMapperScanner|Enabling autowire by type for MapperFactoryBean with name 'sysJobLogMapper'.
main|2020-10-29 13:33:48.863|DEBUG|o.m.s.mapper.ClassPathMapperScanner|Creating MapperFactoryBean with name 'sysJobMapper' and 'com.RealLis.quartz.mapper.SysJobMapper' mapperInterface
main|2020-10-29 13:33:48.863|DEBUG|o.m.s.mapper.ClassPathMapperScanner|Enabling autowire by type for MapperFactoryBean with name 'sysJobMapper'.
main|2020-10-29 13:33:52.677|DEBUG|o.m.spring.SqlSessionFactoryBean|Scanned package: 'com.RealLis.specimenInhos.domain.ReturnAudit' for aliases
main|2020-10-29 13:33:52.682|DEBUG|o.m.spring.SqlSessionFactoryBean|Scanned package: 'com.RealLis.specimenInhos.domain.PostBack.reportPostBack' for aliases
main|2020-10-29 13:33:52.685|DEBUG|o.m.spring.SqlSessionFactoryBean|Scanned package: 'com.RealLis.specimenInhos.domain.PostBack.packageORC' for aliases
main|2020-10-29 13:33:52.692|DEBUG|o.m.spring.SqlSessionFactoryBean|Scanned package: 'com.RealLis.specimenInhos.domain.PostBack' for aliases
main|2020-10-29 13:33:52.695|DEBUG|o.m.spring.SqlSessionFactoryBean|Scanned package: 'com.RealLis.specimenInhos.domain.PostBack.reportPostBack.packageOBX' for aliases
main|2020-10-29 13:33:52.699|DEBUG|o.m.spring.SqlSessionFactoryBean|Scanned package: 'com.RealLis.specimenInhos.domain.PostBack.packagePID' for aliases
main|2020-10-29 13:33:52.702|DEBUG|o.m.spring.SqlSessionFactoryBean|Scanned package: 'com.RealLis.specimenInhos.domain.PostBack.packagePV1' for aliases
main|2020-10-29 13:33:52.705|DEBUG|o.m.spring.SqlSessionFactoryBean|Scanned package: 'com.RealLis.specimenInhos.domain.PostBack.packageOBR' for aliases
main|2020-10-29 13:33:52.710|DEBUG|o.m.spring.SqlSessionFactoryBean|Scanned package: 'com.RealLis.specimenInhos.domain' for aliases
main|2020-10-29 13:33:52.713|DEBUG|o.m.spring.SqlSessionFactoryBean|Scanned package: 'com.RealLis.specimenInhos.domain.PostBack.germReportPostBack.packageOBX' for aliases
main|2020-10-29 13:33:52.716|DEBUG|o.m.spring.SqlSessionFactoryBean|Scanned package: 'com.RealLis.specimenInhos.domain.PostBack.germReportPostBack' for aliases
main|2020-10-29 13:33:52.718|DEBUG|o.m.spring.SqlSessionFactoryBean|Scanned package: 'com.RealLis.dataSync.domain' for aliases
main|2020-10-29 13:33:52.720|DEBUG|o.m.spring.SqlSessionFactoryBean|Scanned package: 'com.RealLis.common.core.domain' for aliases
main|2020-10-29 13:33:52.728|DEBUG|o.m.spring.SqlSessionFactoryBean|Scanned package: 'com.RealLis.web.controller.demo.domain' for aliases
main|2020-10-29 13:33:52.730|DEBUG|o.m.spring.SqlSessionFactoryBean|Scanned package: 'com.RealLis.quartz.domain' for aliases
main|2020-10-29 13:33:52.733|DEBUG|o.m.spring.SqlSessionFactoryBean|Scanned package: 'com.RealLis.specimenInhos.domain.PostBack.germReportPostBack.packageZMIC' for aliases
main|2020-10-29 13:33:52.777|DEBUG|o.m.spring.SqlSessionFactoryBean|Parsed configuration file: 'class path resource [mybatis/mybatis-config.xml]'
main|2020-10-29 13:33:52.842|DEBUG|o.m.spring.SqlSessionFactoryBean|Parsed mapper file: 'URL [jar:file:/D:/ideaProject/RealLis/RealLis/RealLis-main/target/RealLis-main.jar!/BOOT-INF/lib/RealLis-specimenInhos-1.0.0.jar!/mapper/specimenInhos/HisAdviceMapper.xml]'
main|2020-10-29 13:33:52.862|DEBUG|o.m.spring.SqlSessionFactoryBean|Parsed mapper file: 'URL [jar:file:/D:/ideaProject/RealLis/RealLis/RealLis-main/target/RealLis-main.jar!/BOOT-INF/lib/RealLis-specimenInhos-1.0.0.jar!/mapper/specimenInhos/LJytmxxMapper.xml]'
main|2020-10-29 13:33:52.933|DEBUG|o.m.spring.SqlSessionFactoryBean|Parsed mapper file: 'URL [jar:file:/D:/ideaProject/RealLis/RealLis/RealLis-main/target/RealLis-main.jar!/BOOT-INF/lib/RealLis-specimenInhos-1.0.0.jar!/mapper/specimenInhos/LLogisticsMapper.xml]'
main|2020-10-29 13:33:52.945|DEBUG|o.m.spring.SqlSessionFactoryBean|Parsed mapper file: 'URL [jar:file:/D:/ideaProject/RealLis/RealLis/RealLis-main/target/RealLis-main.jar!/BOOT-INF/lib/RealLis-specimenInhos-1.0.0.jar!/mapper/specimenInhos/LSampletypeMapper.xml]'
main|2020-10-29 13:33:52.982|DEBUG|o.m.spring.SqlSessionFactoryBean|Parsed mapper file: 'URL [jar:file:/D:/ideaProject/RealLis/RealLis/RealLis-main/target/RealLis-main.jar!/BOOT-INF/lib/RealLis-specimenInhos-1.0.0.jar!/mapper/specimenInhos/ReportPostBackMapper.xml]'
main|2020-10-29 13:33:52.990|DEBUG|o.m.spring.SqlSessionFactoryBean|Parsed mapper file: 'URL [jar:file:/D:/ideaProject/RealLis/RealLis/RealLis-main/target/RealLis-main.jar!/BOOT-INF/lib/RealLis-specimenInhos-1.0.0.jar!/mapper/specimenInhos/ReturnAuditMapper.xml]'
main|2020-10-29 13:33:52.999|DEBUG|o.m.spring.SqlSessionFactoryBean|Parsed mapper file: 'URL [jar:file:/D:/ideaProject/RealLis/RealLis/RealLis-main/target/RealLis-main.jar!/BOOT-INF/lib/RealLis-specimenInhos-1.0.0.jar!/mapper/specimenInhos/ViLisAdviseHerenMapper.xml]'
main|2020-10-29 13:33:53.016|DEBUG|o.m.spring.SqlSessionFactoryBean|Parsed mapper file: 'URL [jar:file:/D:/ideaProject/RealLis/RealLis/RealLis-main/target/RealLis-main.jar!/BOOT-INF/lib/RealLis-specimenInhos-1.0.0.jar!/mapper/specimenInhos/ViLisBarcodeInfoMapper.xml]'
main|2020-10-29 13:33:53.029|DEBUG|o.m.spring.SqlSessionFactoryBean|Parsed mapper file: 'URL [jar:file:/D:/ideaProject/RealLis/RealLis/RealLis-main/target/RealLis-main.jar!/BOOT-INF/lib/RealLis-dataSync-1.0.0.jar!/mapper/dataSync/LTsmxMapper.xml]'
main|2020-10-29 13:33:53.047|DEBUG|o.m.spring.SqlSessionFactoryBean|Parsed mapper file: 'URL [jar:file:/D:/ideaProject/RealLis/RealLis/RealLis-main/target/RealLis-main.jar!/BOOT-INF/lib/RealLis-dataSync-1.0.0.jar!/mapper/dataSync/LTsxxHisMapper.xml]'
main|2020-10-29 13:33:53.066|DEBUG|o.m.spring.SqlSessionFactoryBean|Parsed mapper file: 'URL [jar:file:/D:/ideaProject/RealLis/RealLis/RealLis-main/target/RealLis-main.jar!/BOOT-INF/lib/RealLis-dataSync-1.0.0.jar!/mapper/dataSync/LTsxxLisMapper.xml]'
main|2020-10-29 13:33:53.075|DEBUG|o.m.spring.SqlSessionFactoryBean|Parsed mapper file: 'URL [jar:file:/D:/ideaProject/RealLis/RealLis/RealLis-main/target/RealLis-main.jar!/BOOT-INF/lib/RealLis-dataSync-1.0.0.jar!/mapper/dataSync/LTsxxTrMapper.xml]'
main|2020-10-29 13:33:53.090|DEBUG|o.m.spring.SqlSessionFactoryBean|Parsed mapper file: 'URL [jar:file:/D:/ideaProject/RealLis/RealLis/RealLis-main/target/RealLis-main.jar!/BOOT-INF/lib/RealLis-quartz-1.0.0.jar!/mapper/quartz/SysJobLogMapper.xml]'
main|2020-10-29 13:33:53.102|DEBUG|o.m.spring.SqlSessionFactoryBean|Parsed mapper file: 'URL [jar:file:/D:/ideaProject/RealLis/RealLis/RealLis-main/target/RealLis-main.jar!/BOOT-INF/lib/RealLis-quartz-1.0.0.jar!/mapper/quartz/SysJobMapper.xml]'
main|2020-10-29 13:33:55.871|DEBUG|org.mybatis.spring.SqlSessionUtils|Creating a new SqlSession
main|2020-10-29 13:33:55.879|DEBUG|org.mybatis.spring.SqlSessionUtils|SqlSession [org.apache.ibatis.session.defaults.DefaultSqlSession@1f46d94] was not registered for synchronization because synchronization is not active
main|2020-10-29 13:33:55.889|DEBUG|o.m.s.t.SpringManagedTransaction|JDBC Connection [com.alibaba.druid.proxy.jdbc.ConnectionProxyImpl@cc679e] will not be managed by Spring
main|2020-10-29 13:33:55.897|DEBUG|m.c.R.q.m.SysJobMapper.selectJobAll|==>  Preparing: select job_id, job_name, job_group, invoke_target, cron_expression, misfire_policy, concurrent, status, create_by, create_time, remark from sys_job 
main|2020-10-29 13:33:55.910|DEBUG|m.c.R.q.m.SysJobMapper.selectJobAll|==> Parameters: 
main|2020-10-29 13:33:55.930|DEBUG|m.c.R.q.m.SysJobMapper.selectJobAll|<==      Total: 2
main|2020-10-29 13:33:55.931|DEBUG|org.mybatis.spring.SqlSessionUtils|Closing non transactional SqlSession [org.apache.ibatis.session.defaults.DefaultSqlSession@1f46d94]
main|2020-10-29 13:35:12.457|DEBUG|o.m.s.mapper.ClassPathMapperScanner|Identified candidate component class: URL [jar:file:/D:/ideaProject/RealLis/RealLis/RealLis-main/target/RealLis-main.jar!/BOOT-INF/lib/RealLis-specimenInhos-1.0.0.jar!/com/RealLis/specimenInhos/mapper/HisAdviceMapper.class]
main|2020-10-29 13:35:12.457|DEBUG|o.m.s.mapper.ClassPathMapperScanner|Identified candidate component class: URL [jar:file:/D:/ideaProject/RealLis/RealLis/RealLis-main/target/RealLis-main.jar!/BOOT-INF/lib/RealLis-specimenInhos-1.0.0.jar!/com/RealLis/specimenInhos/mapper/LjytmxxMapper.class]
main|2020-10-29 13:35:12.457|DEBUG|o.m.s.mapper.ClassPathMapperScanner|Identified candidate component class: URL [jar:file:/D:/ideaProject/RealLis/RealLis/RealLis-main/target/RealLis-main.jar!/BOOT-INF/lib/RealLis-specimenInhos-1.0.0.jar!/com/RealLis/specimenInhos/mapper/LLoginsticsMapper.class]
main|2020-10-29 13:35:12.458|DEBUG|o.m.s.mapper.ClassPathMapperScanner|Identified candidate component class: URL [jar:file:/D:/ideaProject/RealLis/RealLis/RealLis-main/target/RealLis-main.jar!/BOOT-INF/lib/RealLis-specimenInhos-1.0.0.jar!/com/RealLis/specimenInhos/mapper/LSampletypeMapper.class]
main|2020-10-29 13:35:12.458|DEBUG|o.m.s.mapper.ClassPathMapperScanner|Identified candidate component class: URL [jar:file:/D:/ideaProject/RealLis/RealLis/RealLis-main/target/RealLis-main.jar!/BOOT-INF/lib/RealLis-specimenInhos-1.0.0.jar!/com/RealLis/specimenInhos/mapper/ReportPostBackMapper.class]
main|2020-10-29 13:35:12.458|DEBUG|o.m.s.mapper.ClassPathMapperScanner|Identified candidate component class: URL [jar:file:/D:/ideaProject/RealLis/RealLis/RealLis-main/target/RealLis-main.jar!/BOOT-INF/lib/RealLis-specimenInhos-1.0.0.jar!/com/RealLis/specimenInhos/mapper/ReturnAuditMapper.class]
main|2020-10-29 13:35:12.459|DEBUG|o.m.s.mapper.ClassPathMapperScanner|Identified candidate component class: URL [jar:file:/D:/ideaProject/RealLis/RealLis/RealLis-main/target/RealLis-main.jar!/BOOT-INF/lib/RealLis-specimenInhos-1.0.0.jar!/com/RealLis/specimenInhos/mapper/ViLisAdviseHerenMapper.class]
main|2020-10-29 13:35:12.459|DEBUG|o.m.s.mapper.ClassPathMapperScanner|Identified candidate component class: URL [jar:file:/D:/ideaProject/RealLis/RealLis/RealLis-main/target/RealLis-main.jar!/BOOT-INF/lib/RealLis-specimenInhos-1.0.0.jar!/com/RealLis/specimenInhos/mapper/ViLisBarcodeInfoMapper.class]
main|2020-10-29 13:35:12.459|DEBUG|o.m.s.mapper.ClassPathMapperScanner|Identified candidate component class: URL [jar:file:/D:/ideaProject/RealLis/RealLis/RealLis-main/target/RealLis-main.jar!/BOOT-INF/lib/RealLis-dataSync-1.0.0.jar!/com/RealLis/dataSync/mapper/LTsmxMapper.class]
main|2020-10-29 13:35:12.459|DEBUG|o.m.s.mapper.ClassPathMapperScanner|Identified candidate component class: URL [jar:file:/D:/ideaProject/RealLis/RealLis/RealLis-main/target/RealLis-main.jar!/BOOT-INF/lib/RealLis-dataSync-1.0.0.jar!/com/RealLis/dataSync/mapper/LTsxxHisMapper.class]
main|2020-10-29 13:35:12.460|DEBUG|o.m.s.mapper.ClassPathMapperScanner|Identified candidate component class: URL [jar:file:/D:/ideaProject/RealLis/RealLis/RealLis-main/target/RealLis-main.jar!/BOOT-INF/lib/RealLis-dataSync-1.0.0.jar!/com/RealLis/dataSync/mapper/LTsxxLisMapper.class]
main|2020-10-29 13:35:12.460|DEBUG|o.m.s.mapper.ClassPathMapperScanner|Identified candidate component class: URL [jar:file:/D:/ideaProject/RealLis/RealLis/RealLis-main/target/RealLis-main.jar!/BOOT-INF/lib/RealLis-dataSync-1.0.0.jar!/com/RealLis/dataSync/mapper/LTsxxTrMapper.class]
main|2020-10-29 13:35:12.460|DEBUG|o.m.s.mapper.ClassPathMapperScanner|Identified candidate component class: URL [jar:file:/D:/ideaProject/RealLis/RealLis/RealLis-main/target/RealLis-main.jar!/BOOT-INF/lib/RealLis-quartz-1.0.0.jar!/com/RealLis/quartz/mapper/SysJobLogMapper.class]
main|2020-10-29 13:35:12.460|DEBUG|o.m.s.mapper.ClassPathMapperScanner|Identified candidate component class: URL [jar:file:/D:/ideaProject/RealLis/RealLis/RealLis-main/target/RealLis-main.jar!/BOOT-INF/lib/RealLis-quartz-1.0.0.jar!/com/RealLis/quartz/mapper/SysJobMapper.class]
main|2020-10-29 13:35:12.461|DEBUG|o.m.s.mapper.ClassPathMapperScanner|Creating MapperFactoryBean with name 'hisAdviceMapper' and 'com.RealLis.specimenInhos.mapper.HisAdviceMapper' mapperInterface
main|2020-10-29 13:35:12.463|DEBUG|o.m.s.mapper.ClassPathMapperScanner|Enabling autowire by type for MapperFactoryBean with name 'hisAdviceMapper'.
main|2020-10-29 13:35:12.463|DEBUG|o.m.s.mapper.ClassPathMapperScanner|Creating MapperFactoryBean with name 'ljytmxxMapper' and 'com.RealLis.specimenInhos.mapper.LjytmxxMapper' mapperInterface
main|2020-10-29 13:35:12.464|DEBUG|o.m.s.mapper.ClassPathMapperScanner|Enabling autowire by type for MapperFactoryBean with name 'ljytmxxMapper'.
main|2020-10-29 13:35:12.464|DEBUG|o.m.s.mapper.ClassPathMapperScanner|Creating MapperFactoryBean with name 'LLoginsticsMapper' and 'com.RealLis.specimenInhos.mapper.LLoginsticsMapper' mapperInterface
main|2020-10-29 13:35:12.464|DEBUG|o.m.s.mapper.ClassPathMapperScanner|Enabling autowire by type for MapperFactoryBean with name 'LLoginsticsMapper'.
main|2020-10-29 13:35:12.464|DEBUG|o.m.s.mapper.ClassPathMapperScanner|Creating MapperFactoryBean with name 'LSampletypeMapper' and 'com.RealLis.specimenInhos.mapper.LSampletypeMapper' mapperInterface
main|2020-10-29 13:35:12.464|DEBUG|o.m.s.mapper.ClassPathMapperScanner|Enabling autowire by type for MapperFactoryBean with name 'LSampletypeMapper'.
main|2020-10-29 13:35:12.465|DEBUG|o.m.s.mapper.ClassPathMapperScanner|Creating MapperFactoryBean with name 'reportPostBackMapper' and 'com.RealLis.specimenInhos.mapper.ReportPostBackMapper' mapperInterface
main|2020-10-29 13:35:12.465|DEBUG|o.m.s.mapper.ClassPathMapperScanner|Enabling autowire by type for MapperFactoryBean with name 'reportPostBackMapper'.
main|2020-10-29 13:35:12.465|DEBUG|o.m.s.mapper.ClassPathMapperScanner|Creating MapperFactoryBean with name 'returnAuditMapper' and 'com.RealLis.specimenInhos.mapper.ReturnAuditMapper' mapperInterface
main|2020-10-29 13:35:12.465|DEBUG|o.m.s.mapper.ClassPathMapperScanner|Enabling autowire by type for MapperFactoryBean with name 'returnAuditMapper'.
main|2020-10-29 13:35:12.465|DEBUG|o.m.s.mapper.ClassPathMapperScanner|Creating MapperFactoryBean with name 'viLisAdviseHerenMapper' and 'com.RealLis.specimenInhos.mapper.ViLisAdviseHerenMapper' mapperInterface
main|2020-10-29 13:35:12.465|DEBUG|o.m.s.mapper.ClassPathMapperScanner|Enabling autowire by type for MapperFactoryBean with name 'viLisAdviseHerenMapper'.
main|2020-10-29 13:35:12.466|DEBUG|o.m.s.mapper.ClassPathMapperScanner|Creating MapperFactoryBean with name 'viLisBarcodeInfoMapper' and 'com.RealLis.specimenInhos.mapper.ViLisBarcodeInfoMapper' mapperInterface
main|2020-10-29 13:35:12.466|DEBUG|o.m.s.mapper.ClassPathMapperScanner|Enabling autowire by type for MapperFactoryBean with name 'viLisBarcodeInfoMapper'.
main|2020-10-29 13:35:12.466|DEBUG|o.m.s.mapper.ClassPathMapperScanner|Creating MapperFactoryBean with name 'LTsmxMapper' and 'com.RealLis.dataSync.mapper.LTsmxMapper' mapperInterface
main|2020-10-29 13:35:12.466|DEBUG|o.m.s.mapper.ClassPathMapperScanner|Enabling autowire by type for MapperFactoryBean with name 'LTsmxMapper'.
main|2020-10-29 13:35:12.466|DEBUG|o.m.s.mapper.ClassPathMapperScanner|Creating MapperFactoryBean with name 'LTsxxHisMapper' and 'com.RealLis.dataSync.mapper.LTsxxHisMapper' mapperInterface
main|2020-10-29 13:35:12.467|DEBUG|o.m.s.mapper.ClassPathMapperScanner|Enabling autowire by type for MapperFactoryBean with name 'LTsxxHisMapper'.
main|2020-10-29 13:35:12.467|DEBUG|o.m.s.mapper.ClassPathMapperScanner|Creating MapperFactoryBean with name 'LTsxxLisMapper' and 'com.RealLis.dataSync.mapper.LTsxxLisMapper' mapperInterface
main|2020-10-29 13:35:12.467|DEBUG|o.m.s.mapper.ClassPathMapperScanner|Enabling autowire by type for MapperFactoryBean with name 'LTsxxLisMapper'.
main|2020-10-29 13:35:12.467|DEBUG|o.m.s.mapper.ClassPathMapperScanner|Creating MapperFactoryBean with name 'LTsxxTrMapper' and 'com.RealLis.dataSync.mapper.LTsxxTrMapper' mapperInterface
main|2020-10-29 13:35:12.467|DEBUG|o.m.s.mapper.ClassPathMapperScanner|Enabling autowire by type for MapperFactoryBean with name 'LTsxxTrMapper'.
main|2020-10-29 13:35:12.467|DEBUG|o.m.s.mapper.ClassPathMapperScanner|Creating MapperFactoryBean with name 'sysJobLogMapper' and 'com.RealLis.quartz.mapper.SysJobLogMapper' mapperInterface
main|2020-10-29 13:35:12.468|DEBUG|o.m.s.mapper.ClassPathMapperScanner|Enabling autowire by type for MapperFactoryBean with name 'sysJobLogMapper'.
main|2020-10-29 13:35:12.468|DEBUG|o.m.s.mapper.ClassPathMapperScanner|Creating MapperFactoryBean with name 'sysJobMapper' and 'com.RealLis.quartz.mapper.SysJobMapper' mapperInterface
main|2020-10-29 13:35:12.468|DEBUG|o.m.s.mapper.ClassPathMapperScanner|Enabling autowire by type for MapperFactoryBean with name 'sysJobMapper'.
main|2020-10-29 13:35:16.068|DEBUG|o.m.spring.SqlSessionFactoryBean|Scanned package: 'com.RealLis.specimenInhos.domain.ReturnAudit' for aliases
main|2020-10-29 13:35:16.072|DEBUG|o.m.spring.SqlSessionFactoryBean|Scanned package: 'com.RealLis.specimenInhos.domain.PostBack.reportPostBack' for aliases
main|2020-10-29 13:35:16.075|DEBUG|o.m.spring.SqlSessionFactoryBean|Scanned package: 'com.RealLis.specimenInhos.domain.PostBack.packageORC' for aliases
main|2020-10-29 13:35:16.082|DEBUG|o.m.spring.SqlSessionFactoryBean|Scanned package: 'com.RealLis.specimenInhos.domain.PostBack' for aliases
main|2020-10-29 13:35:16.085|DEBUG|o.m.spring.SqlSessionFactoryBean|Scanned package: 'com.RealLis.specimenInhos.domain.PostBack.reportPostBack.packageOBX' for aliases
main|2020-10-29 13:35:16.089|DEBUG|o.m.spring.SqlSessionFactoryBean|Scanned package: 'com.RealLis.specimenInhos.domain.PostBack.packagePID' for aliases
main|2020-10-29 13:35:16.094|DEBUG|o.m.spring.SqlSessionFactoryBean|Scanned package: 'com.RealLis.specimenInhos.domain.PostBack.packagePV1' for aliases
main|2020-10-29 13:35:16.099|DEBUG|o.m.spring.SqlSessionFactoryBean|Scanned package: 'com.RealLis.specimenInhos.domain.PostBack.packageOBR' for aliases
main|2020-10-29 13:35:16.105|DEBUG|o.m.spring.SqlSessionFactoryBean|Scanned package: 'com.RealLis.specimenInhos.domain' for aliases
main|2020-10-29 13:35:16.113|DEBUG|o.m.spring.SqlSessionFactoryBean|Scanned package: 'com.RealLis.specimenInhos.domain.PostBack.germReportPostBack.packageOBX' for aliases
main|2020-10-29 13:35:16.116|DEBUG|o.m.spring.SqlSessionFactoryBean|Scanned package: 'com.RealLis.specimenInhos.domain.PostBack.germReportPostBack' for aliases
main|2020-10-29 13:35:16.118|DEBUG|o.m.spring.SqlSessionFactoryBean|Scanned package: 'com.RealLis.dataSync.domain' for aliases
main|2020-10-29 13:35:16.122|DEBUG|o.m.spring.SqlSessionFactoryBean|Scanned package: 'com.RealLis.common.core.domain' for aliases
main|2020-10-29 13:35:16.127|DEBUG|o.m.spring.SqlSessionFactoryBean|Scanned package: 'com.RealLis.web.controller.demo.domain' for aliases
main|2020-10-29 13:35:16.129|DEBUG|o.m.spring.SqlSessionFactoryBean|Scanned package: 'com.RealLis.quartz.domain' for aliases
main|2020-10-29 13:35:16.133|DEBUG|o.m.spring.SqlSessionFactoryBean|Scanned package: 'com.RealLis.specimenInhos.domain.PostBack.germReportPostBack.packageZMIC' for aliases
main|2020-10-29 13:35:16.180|DEBUG|o.m.spring.SqlSessionFactoryBean|Parsed configuration file: 'class path resource [mybatis/mybatis-config.xml]'
main|2020-10-29 13:35:16.259|DEBUG|o.m.spring.SqlSessionFactoryBean|Parsed mapper file: 'URL [jar:file:/D:/ideaProject/RealLis/RealLis/RealLis-main/target/RealLis-main.jar!/BOOT-INF/lib/RealLis-specimenInhos-1.0.0.jar!/mapper/specimenInhos/HisAdviceMapper.xml]'
main|2020-10-29 13:35:16.282|DEBUG|o.m.spring.SqlSessionFactoryBean|Parsed mapper file: 'URL [jar:file:/D:/ideaProject/RealLis/RealLis/RealLis-main/target/RealLis-main.jar!/BOOT-INF/lib/RealLis-specimenInhos-1.0.0.jar!/mapper/specimenInhos/LJytmxxMapper.xml]'
main|2020-10-29 13:35:16.359|DEBUG|o.m.spring.SqlSessionFactoryBean|Parsed mapper file: 'URL [jar:file:/D:/ideaProject/RealLis/RealLis/RealLis-main/target/RealLis-main.jar!/BOOT-INF/lib/RealLis-specimenInhos-1.0.0.jar!/mapper/specimenInhos/LLogisticsMapper.xml]'
main|2020-10-29 13:35:16.368|DEBUG|o.m.spring.SqlSessionFactoryBean|Parsed mapper file: 'URL [jar:file:/D:/ideaProject/RealLis/RealLis/RealLis-main/target/RealLis-main.jar!/BOOT-INF/lib/RealLis-specimenInhos-1.0.0.jar!/mapper/specimenInhos/LSampletypeMapper.xml]'
main|2020-10-29 13:35:16.407|DEBUG|o.m.spring.SqlSessionFactoryBean|Parsed mapper file: 'URL [jar:file:/D:/ideaProject/RealLis/RealLis/RealLis-main/target/RealLis-main.jar!/BOOT-INF/lib/RealLis-specimenInhos-1.0.0.jar!/mapper/specimenInhos/ReportPostBackMapper.xml]'
main|2020-10-29 13:35:16.415|DEBUG|o.m.spring.SqlSessionFactoryBean|Parsed mapper file: 'URL [jar:file:/D:/ideaProject/RealLis/RealLis/RealLis-main/target/RealLis-main.jar!/BOOT-INF/lib/RealLis-specimenInhos-1.0.0.jar!/mapper/specimenInhos/ReturnAuditMapper.xml]'
main|2020-10-29 13:35:16.430|DEBUG|o.m.spring.SqlSessionFactoryBean|Parsed mapper file: 'URL [jar:file:/D:/ideaProject/RealLis/RealLis/RealLis-main/target/RealLis-main.jar!/BOOT-INF/lib/RealLis-specimenInhos-1.0.0.jar!/mapper/specimenInhos/ViLisAdviseHerenMapper.xml]'
main|2020-10-29 13:35:16.444|DEBUG|o.m.spring.SqlSessionFactoryBean|Parsed mapper file: 'URL [jar:file:/D:/ideaProject/RealLis/RealLis/RealLis-main/target/RealLis-main.jar!/BOOT-INF/lib/RealLis-specimenInhos-1.0.0.jar!/mapper/specimenInhos/ViLisBarcodeInfoMapper.xml]'
main|2020-10-29 13:35:16.460|DEBUG|o.m.spring.SqlSessionFactoryBean|Parsed mapper file: 'URL [jar:file:/D:/ideaProject/RealLis/RealLis/RealLis-main/target/RealLis-main.jar!/BOOT-INF/lib/RealLis-dataSync-1.0.0.jar!/mapper/dataSync/LTsmxMapper.xml]'
main|2020-10-29 13:35:16.482|DEBUG|o.m.spring.SqlSessionFactoryBean|Parsed mapper file: 'URL [jar:file:/D:/ideaProject/RealLis/RealLis/RealLis-main/target/RealLis-main.jar!/BOOT-INF/lib/RealLis-dataSync-1.0.0.jar!/mapper/dataSync/LTsxxHisMapper.xml]'
main|2020-10-29 13:35:16.498|DEBUG|o.m.spring.SqlSessionFactoryBean|Parsed mapper file: 'URL [jar:file:/D:/ideaProject/RealLis/RealLis/RealLis-main/target/RealLis-main.jar!/BOOT-INF/lib/RealLis-dataSync-1.0.0.jar!/mapper/dataSync/LTsxxLisMapper.xml]'
main|2020-10-29 13:35:16.511|DEBUG|o.m.spring.SqlSessionFactoryBean|Parsed mapper file: 'URL [jar:file:/D:/ideaProject/RealLis/RealLis/RealLis-main/target/RealLis-main.jar!/BOOT-INF/lib/RealLis-dataSync-1.0.0.jar!/mapper/dataSync/LTsxxTrMapper.xml]'
main|2020-10-29 13:35:16.525|DEBUG|o.m.spring.SqlSessionFactoryBean|Parsed mapper file: 'URL [jar:file:/D:/ideaProject/RealLis/RealLis/RealLis-main/target/RealLis-main.jar!/BOOT-INF/lib/RealLis-quartz-1.0.0.jar!/mapper/quartz/SysJobLogMapper.xml]'
main|2020-10-29 13:35:16.539|DEBUG|o.m.spring.SqlSessionFactoryBean|Parsed mapper file: 'URL [jar:file:/D:/ideaProject/RealLis/RealLis/RealLis-main/target/RealLis-main.jar!/BOOT-INF/lib/RealLis-quartz-1.0.0.jar!/mapper/quartz/SysJobMapper.xml]'
main|2020-10-29 13:35:20.745|DEBUG|org.mybatis.spring.SqlSessionUtils|Creating a new SqlSession
main|2020-10-29 13:35:20.755|DEBUG|org.mybatis.spring.SqlSessionUtils|SqlSession [org.apache.ibatis.session.defaults.DefaultSqlSession@f4e0bf] was not registered for synchronization because synchronization is not active
main|2020-10-29 13:35:20.768|DEBUG|o.m.s.t.SpringManagedTransaction|JDBC Connection [com.alibaba.druid.proxy.jdbc.ConnectionProxyImpl@5a26e1] will not be managed by Spring
main|2020-10-29 13:35:20.779|DEBUG|m.c.R.q.m.SysJobMapper.selectJobAll|==>  Preparing: select job_id, job_name, job_group, invoke_target, cron_expression, misfire_policy, concurrent, status, create_by, create_time, remark from sys_job 
main|2020-10-29 13:35:20.800|DEBUG|m.c.R.q.m.SysJobMapper.selectJobAll|==> Parameters: 
main|2020-10-29 13:35:20.830|DEBUG|m.c.R.q.m.SysJobMapper.selectJobAll|<==      Total: 2
main|2020-10-29 13:35:20.832|DEBUG|org.mybatis.spring.SqlSessionUtils|Closing non transactional SqlSession [org.apache.ibatis.session.defaults.DefaultSqlSession@f4e0bf]
