13:33:20.261 [main] ERROR o.s.b.d.LoggingFailureAnalysisReporter - [report,40] - 

***************************
APPLICATION FAILED TO START
***************************

Description:

Web server failed to start. Port 20201 was already in use.

Action:

Identify and stop the process that's listening on port 20201 or configure this application to listen on another port.

13:33:58.317 [main] ERROR o.s.b.d.LoggingFailureAnalysisReporter - [report,40] - 

***************************
APPLICATION FAILED TO START
***************************

Description:

Web server failed to start. Port 20201 was already in use.

Action:

Identify and stop the process that's listening on port 20201 or configure this application to listen on another port.

13:35:23.536 [main] ERROR o.s.b.d.LoggingFailureAnalysisReporter - [report,40] - 

***************************
APPLICATION FAILED TO START
***************************

Description:

Web server failed to start. Port 20201 was already in use.

Action:

Identify and stop the process that's listening on port 20201 or configure this application to listen on another port.

