13:33:08.925 [main] INFO  c.R.RealLISApplication - [logStarting,55] - Starting RealLISApplication on DESKTOP-L4M5FOO with PID 868 (D:\ideaProject\RealLis\RealLis\RealLis-main\target\RealLis-main.jar started by Jie in D:\ideaProject\RealLis\RealLis\RealLis-main\target)
13:33:08.932 [main] INFO  c.R.RealLISApplication - [logStartupProfileInfo,655] - The following profiles are active: druid
13:33:12.900 [main] INFO  o.a.c.h.Http11NioProtocol - [log,173] - Initializing ProtocolHandler ["http-nio-20201"]
13:33:12.901 [main] INFO  o.a.c.c.StandardService - [log,173] - Starting service [Tomcat]
13:33:12.902 [main] INFO  o.a.c.c.StandardEngine - [log,173] - Starting Servlet engine: [Apache Tomcat/9.0.33]
13:33:13.140 [main] INFO  o.a.c.c.C.[.[.[/] - [log,173] - Initializing Spring embedded WebApplicationContext
13:33:15.958 [main] INFO  o.a.c.w.s.f.ReflectionServiceFactoryBean - [buildServiceFromWSDL,391] - Creating Service {http://172.16.1.36}WebServiceLis from WSDL: http://172.16.1.39:20202/WebServiceLis.asmx?WSDL
13:33:16.636 [main] INFO  o.q.i.StdSchedulerFactory - [instantiate,1220] - Using default implementation for ThreadExecutor
13:33:16.671 [main] INFO  o.q.c.SchedulerSignalerImpl - [<init>,61] - Initialized Scheduler Signaller of type: class org.quartz.core.SchedulerSignalerImpl
13:33:16.672 [main] INFO  o.q.c.QuartzScheduler - [<init>,229] - Quartz Scheduler v.2.3.2 created.
13:33:17.424 [main] INFO  c.a.d.p.DruidDataSource - [init,991] - {dataSource-1} inited
13:33:17.438 [main] INFO  o.q.c.QuartzScheduler - [initialize,294] - Scheduler meta-data: Quartz Scheduler (v2.3.2) 'LeanScheduler' with instanceId 'DESKTOP-L4M5FOO1603949596641'
  Scheduler class: 'org.quartz.core.QuartzScheduler' - running locally.
  NOT STARTED.
  Currently in standby mode.
  Number of jobs executed: 0
  Using thread pool 'org.quartz.simpl.SimpleThreadPool' - with 20 threads.
  Using job-store 'org.springframework.scheduling.quartz.LocalDataSourceJobStore' - which supports persistence. and is clustered.

13:33:17.439 [main] INFO  o.q.i.StdSchedulerFactory - [instantiate,1374] - Quartz scheduler 'LeanScheduler' initialized from an externally provided properties instance.
13:33:17.440 [main] INFO  o.q.i.StdSchedulerFactory - [instantiate,1378] - Quartz scheduler version: 2.3.2
13:33:17.445 [main] INFO  o.q.c.QuartzScheduler - [setJobFactory,2293] - JobFactory set to: org.springframework.scheduling.quartz.AdaptableJobFactory@1694e53
13:33:19.008 [main] INFO  s.d.s.w.PropertySourcedRequestMappingHandlerMapping - [initHandlerMethods,69] - Mapped URL path [/v2/api-docs] onto method [springfox.documentation.swagger2.web.Swagger2Controller#getDocumentation(String, HttpServletRequest)]
13:33:19.807 [main] INFO  s.d.s.w.p.DocumentationPluginsBootstrapper - [start,160] - Context refreshed
13:33:19.855 [main] INFO  s.d.s.w.p.DocumentationPluginsBootstrapper - [start,163] - Found 1 custom documentation plugin(s)
13:33:19.922 [main] INFO  s.d.s.w.s.ApiListingReferenceScanner - [scan,41] - Scanning for api listing references
13:33:20.204 [main] INFO  o.a.c.h.Http11NioProtocol - [log,173] - Starting ProtocolHandler ["http-nio-20201"]
13:33:20.233 [main] INFO  o.a.c.h.Http11NioProtocol - [log,173] - Pausing ProtocolHandler ["http-nio-20201"]
13:33:20.234 [main] INFO  o.a.c.c.StandardService - [log,173] - Stopping service [Tomcat]
13:33:20.252 [main] INFO  o.a.c.h.Http11NioProtocol - [log,173] - Stopping ProtocolHandler ["http-nio-20201"]
13:33:20.252 [main] INFO  o.a.c.h.Http11NioProtocol - [log,173] - Destroying ProtocolHandler ["http-nio-20201"]
13:33:20.273 [main] INFO  o.q.c.QuartzScheduler - [shutdown,666] - Scheduler LeanScheduler_$_DESKTOP-L4M5FOO1603949596641 shutting down.
13:33:20.273 [main] INFO  o.q.c.QuartzScheduler - [standby,585] - Scheduler LeanScheduler_$_DESKTOP-L4M5FOO1603949596641 paused.
13:33:20.275 [main] INFO  o.q.c.QuartzScheduler - [shutdown,740] - Scheduler LeanScheduler_$_DESKTOP-L4M5FOO1603949596641 shutdown complete.
13:33:20.292 [main] INFO  c.a.d.p.DruidDataSource - [close,1928] - {dataSource-1} closed
13:33:47.526 [main] INFO  c.R.RealLISApplication - [logStarting,55] - Starting RealLISApplication on DESKTOP-L4M5FOO with PID 9724 (D:\ideaProject\RealLis\RealLis\RealLis-main\target\RealLis-main.jar started by Jie in D:\ideaProject\RealLis\RealLis\RealLis-main\target)
13:33:47.531 [main] INFO  c.R.RealLISApplication - [logStartupProfileInfo,655] - The following profiles are active: druid
13:33:51.473 [main] INFO  o.a.c.h.Http11NioProtocol - [log,173] - Initializing ProtocolHandler ["http-nio-20201"]
13:33:51.475 [main] INFO  o.a.c.c.StandardService - [log,173] - Starting service [Tomcat]
13:33:51.475 [main] INFO  o.a.c.c.StandardEngine - [log,173] - Starting Servlet engine: [Apache Tomcat/9.0.33]
13:33:51.593 [main] INFO  o.a.c.c.C.[.[.[/] - [log,173] - Initializing Spring embedded WebApplicationContext
13:33:54.167 [main] INFO  o.a.c.w.s.f.ReflectionServiceFactoryBean - [buildServiceFromWSDL,391] - Creating Service {http://172.16.1.36}WebServiceLis from WSDL: http://172.16.1.39:20202/WebServiceLis.asmx?WSDL
13:33:54.831 [main] INFO  o.q.i.StdSchedulerFactory - [instantiate,1220] - Using default implementation for ThreadExecutor
13:33:54.863 [main] INFO  o.q.c.SchedulerSignalerImpl - [<init>,61] - Initialized Scheduler Signaller of type: class org.quartz.core.SchedulerSignalerImpl
13:33:54.863 [main] INFO  o.q.c.QuartzScheduler - [<init>,229] - Quartz Scheduler v.2.3.2 created.
13:33:55.495 [main] INFO  c.a.d.p.DruidDataSource - [init,991] - {dataSource-1} inited
13:33:55.507 [main] INFO  o.q.c.QuartzScheduler - [initialize,294] - Scheduler meta-data: Quartz Scheduler (v2.3.2) 'LeanScheduler' with instanceId 'DESKTOP-L4M5FOO1603949634835'
  Scheduler class: 'org.quartz.core.QuartzScheduler' - running locally.
  NOT STARTED.
  Currently in standby mode.
  Number of jobs executed: 0
  Using thread pool 'org.quartz.simpl.SimpleThreadPool' - with 20 threads.
  Using job-store 'org.springframework.scheduling.quartz.LocalDataSourceJobStore' - which supports persistence. and is clustered.

13:33:55.507 [main] INFO  o.q.i.StdSchedulerFactory - [instantiate,1374] - Quartz scheduler 'LeanScheduler' initialized from an externally provided properties instance.
13:33:55.508 [main] INFO  o.q.i.StdSchedulerFactory - [instantiate,1378] - Quartz scheduler version: 2.3.2
13:33:55.510 [main] INFO  o.q.c.QuartzScheduler - [setJobFactory,2293] - JobFactory set to: org.springframework.scheduling.quartz.AdaptableJobFactory@1ffddff
13:33:57.054 [main] INFO  s.d.s.w.PropertySourcedRequestMappingHandlerMapping - [initHandlerMethods,69] - Mapped URL path [/v2/api-docs] onto method [springfox.documentation.swagger2.web.Swagger2Controller#getDocumentation(String, HttpServletRequest)]
13:33:57.878 [main] INFO  s.d.s.w.p.DocumentationPluginsBootstrapper - [start,160] - Context refreshed
13:33:57.939 [main] INFO  s.d.s.w.p.DocumentationPluginsBootstrapper - [start,163] - Found 1 custom documentation plugin(s)
13:33:58.007 [main] INFO  s.d.s.w.s.ApiListingReferenceScanner - [scan,41] - Scanning for api listing references
13:33:58.293 [main] INFO  o.a.c.h.Http11NioProtocol - [log,173] - Starting ProtocolHandler ["http-nio-20201"]
13:33:58.307 [main] INFO  o.a.c.h.Http11NioProtocol - [log,173] - Pausing ProtocolHandler ["http-nio-20201"]
13:33:58.307 [main] INFO  o.a.c.c.StandardService - [log,173] - Stopping service [Tomcat]
13:33:58.311 [main] INFO  o.a.c.h.Http11NioProtocol - [log,173] - Stopping ProtocolHandler ["http-nio-20201"]
13:33:58.311 [main] INFO  o.a.c.h.Http11NioProtocol - [log,173] - Destroying ProtocolHandler ["http-nio-20201"]
13:33:58.331 [main] INFO  o.q.c.QuartzScheduler - [shutdown,666] - Scheduler LeanScheduler_$_DESKTOP-L4M5FOO1603949634835 shutting down.
13:33:58.332 [main] INFO  o.q.c.QuartzScheduler - [standby,585] - Scheduler LeanScheduler_$_DESKTOP-L4M5FOO1603949634835 paused.
13:33:58.332 [main] INFO  o.q.c.QuartzScheduler - [shutdown,740] - Scheduler LeanScheduler_$_DESKTOP-L4M5FOO1603949634835 shutdown complete.
13:33:58.346 [main] INFO  c.a.d.p.DruidDataSource - [close,1928] - {dataSource-1} closed
13:35:10.985 [main] INFO  c.R.RealLISApplication - [logStarting,55] - Starting RealLISApplication on DESKTOP-L4M5FOO with PID 17572 (D:\ideaProject\RealLis\RealLis\RealLis-main\target\RealLis-main.jar started by Jie in D:\ideaProject\RealLis\RealLis\RealLis-main\target)
13:35:10.991 [main] INFO  c.R.RealLISApplication - [logStartupProfileInfo,655] - The following profiles are active: druid
13:35:14.847 [main] INFO  o.a.c.h.Http11NioProtocol - [log,173] - Initializing ProtocolHandler ["http-nio-20201"]
13:35:14.848 [main] INFO  o.a.c.c.StandardService - [log,173] - Starting service [Tomcat]
13:35:14.848 [main] INFO  o.a.c.c.StandardEngine - [log,173] - Starting Servlet engine: [Apache Tomcat/9.0.33]
13:35:14.964 [main] INFO  o.a.c.c.C.[.[.[/] - [log,173] - Initializing Spring embedded WebApplicationContext
13:35:17.970 [main] INFO  o.a.c.w.s.f.ReflectionServiceFactoryBean - [buildServiceFromWSDL,391] - Creating Service {http://172.16.1.36}WebServiceLis from WSDL: http://172.16.1.39:20202/WebServiceLis.asmx?WSDL
13:35:18.956 [main] INFO  o.q.i.StdSchedulerFactory - [instantiate,1220] - Using default implementation for ThreadExecutor
13:35:19.031 [main] INFO  o.q.c.SchedulerSignalerImpl - [<init>,61] - Initialized Scheduler Signaller of type: class org.quartz.core.SchedulerSignalerImpl
13:35:19.032 [main] INFO  o.q.c.QuartzScheduler - [<init>,229] - Quartz Scheduler v.2.3.2 created.
13:35:20.285 [main] INFO  c.a.d.p.DruidDataSource - [init,991] - {dataSource-1} inited
13:35:20.304 [main] INFO  o.q.c.QuartzScheduler - [initialize,294] - Scheduler meta-data: Quartz Scheduler (v2.3.2) 'LeanScheduler' with instanceId 'DESKTOP-L4M5FOO1603949718965'
  Scheduler class: 'org.quartz.core.QuartzScheduler' - running locally.
  NOT STARTED.
  Currently in standby mode.
  Number of jobs executed: 0
  Using thread pool 'org.quartz.simpl.SimpleThreadPool' - with 20 threads.
  Using job-store 'org.springframework.scheduling.quartz.LocalDataSourceJobStore' - which supports persistence. and is clustered.

13:35:20.305 [main] INFO  o.q.i.StdSchedulerFactory - [instantiate,1374] - Quartz scheduler 'LeanScheduler' initialized from an externally provided properties instance.
13:35:20.305 [main] INFO  o.q.i.StdSchedulerFactory - [instantiate,1378] - Quartz scheduler version: 2.3.2
13:35:20.310 [main] INFO  o.q.c.QuartzScheduler - [setJobFactory,2293] - JobFactory set to: org.springframework.scheduling.quartz.AdaptableJobFactory@4f138e
13:35:21.788 [main] INFO  s.d.s.w.PropertySourcedRequestMappingHandlerMapping - [initHandlerMethods,69] - Mapped URL path [/v2/api-docs] onto method [springfox.documentation.swagger2.web.Swagger2Controller#getDocumentation(String, HttpServletRequest)]
13:35:22.735 [main] INFO  s.d.s.w.p.DocumentationPluginsBootstrapper - [start,160] - Context refreshed
13:35:22.813 [main] INFO  s.d.s.w.p.DocumentationPluginsBootstrapper - [start,163] - Found 1 custom documentation plugin(s)
13:35:22.956 [main] INFO  s.d.s.w.s.ApiListingReferenceScanner - [scan,41] - Scanning for api listing references
13:35:23.507 [main] INFO  o.a.c.h.Http11NioProtocol - [log,173] - Starting ProtocolHandler ["http-nio-20201"]
13:35:23.523 [main] INFO  o.a.c.h.Http11NioProtocol - [log,173] - Pausing ProtocolHandler ["http-nio-20201"]
13:35:23.524 [main] INFO  o.a.c.c.StandardService - [log,173] - Stopping service [Tomcat]
13:35:23.529 [main] INFO  o.a.c.h.Http11NioProtocol - [log,173] - Stopping ProtocolHandler ["http-nio-20201"]
13:35:23.529 [main] INFO  o.a.c.h.Http11NioProtocol - [log,173] - Destroying ProtocolHandler ["http-nio-20201"]
13:35:23.546 [main] INFO  o.q.c.QuartzScheduler - [shutdown,666] - Scheduler LeanScheduler_$_DESKTOP-L4M5FOO1603949718965 shutting down.
13:35:23.547 [main] INFO  o.q.c.QuartzScheduler - [standby,585] - Scheduler LeanScheduler_$_DESKTOP-L4M5FOO1603949718965 paused.
13:35:23.548 [main] INFO  o.q.c.QuartzScheduler - [shutdown,740] - Scheduler LeanScheduler_$_DESKTOP-L4M5FOO1603949718965 shutdown complete.
13:35:23.567 [main] INFO  c.a.d.p.DruidDataSource - [close,1928] - {dataSource-1} closed
