restartedMain|2020-10-22 09:31:31.760|DEBUG|o.m.s.mapper.ClassPathMapperScanner|Identified candidate component class: file [E:\爪哇工作空间\RealLis\RealLis-specimenInhos\target\classes\com\RealLis\specimenInhos\mapper\HisAdviceMapper.class]
restartedMain|2020-10-22 09:31:31.763|DEBUG|o.m.s.mapper.ClassPathMapperScanner|Identified candidate component class: file [E:\爪哇工作空间\RealLis\RealLis-specimenInhos\target\classes\com\RealLis\specimenInhos\mapper\LLoginsticsMapper.class]
restartedMain|2020-10-22 09:31:31.763|DEBUG|o.m.s.mapper.ClassPathMapperScanner|Identified candidate component class: file [E:\爪哇工作空间\RealLis\RealLis-specimenInhos\target\classes\com\RealLis\specimenInhos\mapper\LSampletypeMapper.class]
restartedMain|2020-10-22 09:31:31.763|DEBUG|o.m.s.mapper.ClassPathMapperScanner|Identified candidate component class: file [E:\爪哇工作空间\RealLis\RealLis-specimenInhos\target\classes\com\RealLis\specimenInhos\mapper\LjytmxxMapper.class]
restartedMain|2020-10-22 09:31:31.764|DEBUG|o.m.s.mapper.ClassPathMapperScanner|Identified candidate component class: file [E:\爪哇工作空间\RealLis\RealLis-specimenInhos\target\classes\com\RealLis\specimenInhos\mapper\ReportPostBackMapper.class]
restartedMain|2020-10-22 09:31:31.764|DEBUG|o.m.s.mapper.ClassPathMapperScanner|Identified candidate component class: file [E:\爪哇工作空间\RealLis\RealLis-specimenInhos\target\classes\com\RealLis\specimenInhos\mapper\ReturnAuditMapper.class]
restartedMain|2020-10-22 09:31:31.764|DEBUG|o.m.s.mapper.ClassPathMapperScanner|Identified candidate component class: file [E:\爪哇工作空间\RealLis\RealLis-specimenInhos\target\classes\com\RealLis\specimenInhos\mapper\ViLisAdviseHerenMapper.class]
restartedMain|2020-10-22 09:31:31.764|DEBUG|o.m.s.mapper.ClassPathMapperScanner|Identified candidate component class: file [E:\爪哇工作空间\RealLis\RealLis-specimenInhos\target\classes\com\RealLis\specimenInhos\mapper\ViLisBarcodeInfoMapper.class]
restartedMain|2020-10-22 09:31:31.764|DEBUG|o.m.s.mapper.ClassPathMapperScanner|Identified candidate component class: file [E:\爪哇工作空间\RealLis\RealLis-dataSync\target\classes\com\RealLis\dataSync\mapper\LTsmxMapper.class]
restartedMain|2020-10-22 09:31:31.765|DEBUG|o.m.s.mapper.ClassPathMapperScanner|Identified candidate component class: file [E:\爪哇工作空间\RealLis\RealLis-dataSync\target\classes\com\RealLis\dataSync\mapper\LTsxxHisMapper.class]
restartedMain|2020-10-22 09:31:31.765|DEBUG|o.m.s.mapper.ClassPathMapperScanner|Identified candidate component class: file [E:\爪哇工作空间\RealLis\RealLis-dataSync\target\classes\com\RealLis\dataSync\mapper\LTsxxLisMapper.class]
restartedMain|2020-10-22 09:31:31.765|DEBUG|o.m.s.mapper.ClassPathMapperScanner|Identified candidate component class: file [E:\爪哇工作空间\RealLis\RealLis-dataSync\target\classes\com\RealLis\dataSync\mapper\LTsxxTrMapper.class]
restartedMain|2020-10-22 09:31:31.765|DEBUG|o.m.s.mapper.ClassPathMapperScanner|Identified candidate component class: file [E:\爪哇工作空间\RealLis\RealLis-quartz\target\classes\com\RealLis\quartz\mapper\SysJobLogMapper.class]
restartedMain|2020-10-22 09:31:31.766|DEBUG|o.m.s.mapper.ClassPathMapperScanner|Identified candidate component class: file [E:\爪哇工作空间\RealLis\RealLis-quartz\target\classes\com\RealLis\quartz\mapper\SysJobMapper.class]
restartedMain|2020-10-22 09:31:31.766|DEBUG|o.m.s.mapper.ClassPathMapperScanner|Creating MapperFactoryBean with name 'hisAdviceMapper' and 'com.RealLis.specimenInhos.mapper.HisAdviceMapper' mapperInterface
restartedMain|2020-10-22 09:31:31.768|DEBUG|o.m.s.mapper.ClassPathMapperScanner|Enabling autowire by type for MapperFactoryBean with name 'hisAdviceMapper'.
restartedMain|2020-10-22 09:31:31.768|DEBUG|o.m.s.mapper.ClassPathMapperScanner|Creating MapperFactoryBean with name 'LLoginsticsMapper' and 'com.RealLis.specimenInhos.mapper.LLoginsticsMapper' mapperInterface
restartedMain|2020-10-22 09:31:31.769|DEBUG|o.m.s.mapper.ClassPathMapperScanner|Enabling autowire by type for MapperFactoryBean with name 'LLoginsticsMapper'.
restartedMain|2020-10-22 09:31:31.769|DEBUG|o.m.s.mapper.ClassPathMapperScanner|Creating MapperFactoryBean with name 'LSampletypeMapper' and 'com.RealLis.specimenInhos.mapper.LSampletypeMapper' mapperInterface
restartedMain|2020-10-22 09:31:31.769|DEBUG|o.m.s.mapper.ClassPathMapperScanner|Enabling autowire by type for MapperFactoryBean with name 'LSampletypeMapper'.
restartedMain|2020-10-22 09:31:31.769|DEBUG|o.m.s.mapper.ClassPathMapperScanner|Creating MapperFactoryBean with name 'ljytmxxMapper' and 'com.RealLis.specimenInhos.mapper.LjytmxxMapper' mapperInterface
restartedMain|2020-10-22 09:31:31.769|DEBUG|o.m.s.mapper.ClassPathMapperScanner|Enabling autowire by type for MapperFactoryBean with name 'ljytmxxMapper'.
restartedMain|2020-10-22 09:31:31.769|DEBUG|o.m.s.mapper.ClassPathMapperScanner|Creating MapperFactoryBean with name 'reportPostBackMapper' and 'com.RealLis.specimenInhos.mapper.ReportPostBackMapper' mapperInterface
restartedMain|2020-10-22 09:31:31.769|DEBUG|o.m.s.mapper.ClassPathMapperScanner|Enabling autowire by type for MapperFactoryBean with name 'reportPostBackMapper'.
restartedMain|2020-10-22 09:31:31.770|DEBUG|o.m.s.mapper.ClassPathMapperScanner|Creating MapperFactoryBean with name 'returnAuditMapper' and 'com.RealLis.specimenInhos.mapper.ReturnAuditMapper' mapperInterface
restartedMain|2020-10-22 09:31:31.770|DEBUG|o.m.s.mapper.ClassPathMapperScanner|Enabling autowire by type for MapperFactoryBean with name 'returnAuditMapper'.
restartedMain|2020-10-22 09:31:31.770|DEBUG|o.m.s.mapper.ClassPathMapperScanner|Creating MapperFactoryBean with name 'viLisAdviseHerenMapper' and 'com.RealLis.specimenInhos.mapper.ViLisAdviseHerenMapper' mapperInterface
restartedMain|2020-10-22 09:31:31.770|DEBUG|o.m.s.mapper.ClassPathMapperScanner|Enabling autowire by type for MapperFactoryBean with name 'viLisAdviseHerenMapper'.
restartedMain|2020-10-22 09:31:31.770|DEBUG|o.m.s.mapper.ClassPathMapperScanner|Creating MapperFactoryBean with name 'viLisBarcodeInfoMapper' and 'com.RealLis.specimenInhos.mapper.ViLisBarcodeInfoMapper' mapperInterface
restartedMain|2020-10-22 09:31:31.770|DEBUG|o.m.s.mapper.ClassPathMapperScanner|Enabling autowire by type for MapperFactoryBean with name 'viLisBarcodeInfoMapper'.
restartedMain|2020-10-22 09:31:31.770|DEBUG|o.m.s.mapper.ClassPathMapperScanner|Creating MapperFactoryBean with name 'LTsmxMapper' and 'com.RealLis.dataSync.mapper.LTsmxMapper' mapperInterface
restartedMain|2020-10-22 09:31:31.771|DEBUG|o.m.s.mapper.ClassPathMapperScanner|Enabling autowire by type for MapperFactoryBean with name 'LTsmxMapper'.
restartedMain|2020-10-22 09:31:31.771|DEBUG|o.m.s.mapper.ClassPathMapperScanner|Creating MapperFactoryBean with name 'LTsxxHisMapper' and 'com.RealLis.dataSync.mapper.LTsxxHisMapper' mapperInterface
restartedMain|2020-10-22 09:31:31.771|DEBUG|o.m.s.mapper.ClassPathMapperScanner|Enabling autowire by type for MapperFactoryBean with name 'LTsxxHisMapper'.
restartedMain|2020-10-22 09:31:31.771|DEBUG|o.m.s.mapper.ClassPathMapperScanner|Creating MapperFactoryBean with name 'LTsxxLisMapper' and 'com.RealLis.dataSync.mapper.LTsxxLisMapper' mapperInterface
restartedMain|2020-10-22 09:31:31.771|DEBUG|o.m.s.mapper.ClassPathMapperScanner|Enabling autowire by type for MapperFactoryBean with name 'LTsxxLisMapper'.
restartedMain|2020-10-22 09:31:31.771|DEBUG|o.m.s.mapper.ClassPathMapperScanner|Creating MapperFactoryBean with name 'LTsxxTrMapper' and 'com.RealLis.dataSync.mapper.LTsxxTrMapper' mapperInterface
restartedMain|2020-10-22 09:31:31.771|DEBUG|o.m.s.mapper.ClassPathMapperScanner|Enabling autowire by type for MapperFactoryBean with name 'LTsxxTrMapper'.
restartedMain|2020-10-22 09:31:31.771|DEBUG|o.m.s.mapper.ClassPathMapperScanner|Creating MapperFactoryBean with name 'sysJobLogMapper' and 'com.RealLis.quartz.mapper.SysJobLogMapper' mapperInterface
restartedMain|2020-10-22 09:31:31.772|DEBUG|o.m.s.mapper.ClassPathMapperScanner|Enabling autowire by type for MapperFactoryBean with name 'sysJobLogMapper'.
restartedMain|2020-10-22 09:31:31.772|DEBUG|o.m.s.mapper.ClassPathMapperScanner|Creating MapperFactoryBean with name 'sysJobMapper' and 'com.RealLis.quartz.mapper.SysJobMapper' mapperInterface
restartedMain|2020-10-22 09:31:31.772|DEBUG|o.m.s.mapper.ClassPathMapperScanner|Enabling autowire by type for MapperFactoryBean with name 'sysJobMapper'.
restartedMain|2020-10-22 09:31:34.092|DEBUG|o.m.spring.SqlSessionFactoryBean|Scanned package: 'com.RealLis.specimenInhos.domain.ReturnAudit' for aliases
restartedMain|2020-10-22 09:31:34.094|DEBUG|o.m.spring.SqlSessionFactoryBean|Scanned package: 'com.RealLis.specimenInhos.domain.PostBack.reportPostBack' for aliases
restartedMain|2020-10-22 09:31:34.095|DEBUG|o.m.spring.SqlSessionFactoryBean|Scanned package: 'com.RealLis.specimenInhos.domain.PostBack.packageORC' for aliases
restartedMain|2020-10-22 09:31:34.099|DEBUG|o.m.spring.SqlSessionFactoryBean|Scanned package: 'com.RealLis.specimenInhos.domain.PostBack' for aliases
restartedMain|2020-10-22 09:31:34.099|DEBUG|o.m.spring.SqlSessionFactoryBean|Scanned package: 'com.RealLis.specimenInhos.domain.PostBack.reportPostBack.packageOBX' for aliases
restartedMain|2020-10-22 09:31:34.100|DEBUG|o.m.spring.SqlSessionFactoryBean|Scanned package: 'com.RealLis.specimenInhos.domain.PostBack.packagePID' for aliases
restartedMain|2020-10-22 09:31:34.102|DEBUG|o.m.spring.SqlSessionFactoryBean|Scanned package: 'com.RealLis.specimenInhos.domain.PostBack.packagePV1' for aliases
restartedMain|2020-10-22 09:31:34.103|DEBUG|o.m.spring.SqlSessionFactoryBean|Scanned package: 'com.RealLis.specimenInhos.domain.PostBack.packageOBR' for aliases
restartedMain|2020-10-22 09:31:34.107|DEBUG|o.m.spring.SqlSessionFactoryBean|Scanned package: 'com.RealLis.specimenInhos.domain' for aliases
restartedMain|2020-10-22 09:31:34.109|DEBUG|o.m.spring.SqlSessionFactoryBean|Scanned package: 'com.RealLis.specimenInhos.domain.PostBack.germReportPostBack.packageOBX' for aliases
restartedMain|2020-10-22 09:31:34.110|DEBUG|o.m.spring.SqlSessionFactoryBean|Scanned package: 'com.RealLis.specimenInhos.domain.PostBack.germReportPostBack' for aliases
restartedMain|2020-10-22 09:31:34.110|DEBUG|o.m.spring.SqlSessionFactoryBean|Scanned package: 'com.RealLis.dataSync.domain' for aliases
restartedMain|2020-10-22 09:31:34.111|DEBUG|o.m.spring.SqlSessionFactoryBean|Scanned package: 'com.RealLis.common.core.domain' for aliases
restartedMain|2020-10-22 09:31:34.112|DEBUG|o.m.spring.SqlSessionFactoryBean|Scanned package: 'com.RealLis.web.controller.demo.domain' for aliases
restartedMain|2020-10-22 09:31:34.113|DEBUG|o.m.spring.SqlSessionFactoryBean|Scanned package: 'com.RealLis.quartz.domain' for aliases
restartedMain|2020-10-22 09:31:34.114|DEBUG|o.m.spring.SqlSessionFactoryBean|Scanned package: 'com.RealLis.specimenInhos.domain.PostBack.germReportPostBack.packageZMIC' for aliases
restartedMain|2020-10-22 09:31:34.153|DEBUG|o.m.spring.SqlSessionFactoryBean|Parsed configuration file: 'class path resource [mybatis/mybatis-config.xml]'
restartedMain|2020-10-22 09:31:34.191|DEBUG|o.m.spring.SqlSessionFactoryBean|Parsed mapper file: 'file [E:\爪哇工作空间\RealLis\RealLis-specimenInhos\target\classes\mapper\specimenInhos\HisAdviceMapper.xml]'
restartedMain|2020-10-22 09:31:34.211|DEBUG|o.m.spring.SqlSessionFactoryBean|Parsed mapper file: 'file [E:\爪哇工作空间\RealLis\RealLis-specimenInhos\target\classes\mapper\specimenInhos\LJytmxxMapper.xml]'
restartedMain|2020-10-22 09:31:34.251|DEBUG|o.m.spring.SqlSessionFactoryBean|Parsed mapper file: 'file [E:\爪哇工作空间\RealLis\RealLis-specimenInhos\target\classes\mapper\specimenInhos\LLogisticsMapper.xml]'
restartedMain|2020-10-22 09:31:34.258|DEBUG|o.m.spring.SqlSessionFactoryBean|Parsed mapper file: 'file [E:\爪哇工作空间\RealLis\RealLis-specimenInhos\target\classes\mapper\specimenInhos\LSampletypeMapper.xml]'
restartedMain|2020-10-22 09:31:34.284|DEBUG|o.m.spring.SqlSessionFactoryBean|Parsed mapper file: 'file [E:\爪哇工作空间\RealLis\RealLis-specimenInhos\target\classes\mapper\specimenInhos\ReportPostBackMapper.xml]'
restartedMain|2020-10-22 09:31:34.290|DEBUG|o.m.spring.SqlSessionFactoryBean|Parsed mapper file: 'file [E:\爪哇工作空间\RealLis\RealLis-specimenInhos\target\classes\mapper\specimenInhos\ReturnAuditMapper.xml]'
restartedMain|2020-10-22 09:31:34.298|DEBUG|o.m.spring.SqlSessionFactoryBean|Parsed mapper file: 'file [E:\爪哇工作空间\RealLis\RealLis-specimenInhos\target\classes\mapper\specimenInhos\ViLisAdviseHerenMapper.xml]'
restartedMain|2020-10-22 09:31:34.307|DEBUG|o.m.spring.SqlSessionFactoryBean|Parsed mapper file: 'file [E:\爪哇工作空间\RealLis\RealLis-specimenInhos\target\classes\mapper\specimenInhos\ViLisBarcodeInfoMapper.xml]'
restartedMain|2020-10-22 09:31:34.314|DEBUG|o.m.spring.SqlSessionFactoryBean|Parsed mapper file: 'file [E:\爪哇工作空间\RealLis\RealLis-dataSync\target\classes\mapper\dataSync\LTsmxMapper.xml]'
restartedMain|2020-10-22 09:31:34.327|DEBUG|o.m.spring.SqlSessionFactoryBean|Parsed mapper file: 'file [E:\爪哇工作空间\RealLis\RealLis-dataSync\target\classes\mapper\dataSync\LTsxxHisMapper.xml]'
restartedMain|2020-10-22 09:31:34.337|DEBUG|o.m.spring.SqlSessionFactoryBean|Parsed mapper file: 'file [E:\爪哇工作空间\RealLis\RealLis-dataSync\target\classes\mapper\dataSync\LTsxxLisMapper.xml]'
restartedMain|2020-10-22 09:31:34.344|DEBUG|o.m.spring.SqlSessionFactoryBean|Parsed mapper file: 'file [E:\爪哇工作空间\RealLis\RealLis-dataSync\target\classes\mapper\dataSync\LTsxxTrMapper.xml]'
restartedMain|2020-10-22 09:31:34.352|DEBUG|o.m.spring.SqlSessionFactoryBean|Parsed mapper file: 'file [E:\爪哇工作空间\RealLis\RealLis-quartz\target\classes\mapper\quartz\SysJobLogMapper.xml]'
restartedMain|2020-10-22 09:31:34.358|DEBUG|o.m.spring.SqlSessionFactoryBean|Parsed mapper file: 'file [E:\爪哇工作空间\RealLis\RealLis-quartz\target\classes\mapper\quartz\SysJobMapper.xml]'
restartedMain|2020-10-22 09:31:36.051|DEBUG|org.mybatis.spring.SqlSessionUtils|Creating a new SqlSession
restartedMain|2020-10-22 09:31:36.055|DEBUG|org.mybatis.spring.SqlSessionUtils|SqlSession [org.apache.ibatis.session.defaults.DefaultSqlSession@6b60b1c1] was not registered for synchronization because synchronization is not active
restartedMain|2020-10-22 09:31:36.062|DEBUG|o.m.s.t.SpringManagedTransaction|JDBC Connection [com.alibaba.druid.proxy.jdbc.ConnectionProxyImpl@557ba01c] will not be managed by Spring
restartedMain|2020-10-22 09:31:36.065|DEBUG|m.c.R.q.m.SysJobMapper.selectJobAll|==>  Preparing: select job_id, job_name, job_group, invoke_target, cron_expression, misfire_policy, concurrent, status, create_by, create_time, remark from sys_job 
restartedMain|2020-10-22 09:31:36.073|DEBUG|m.c.R.q.m.SysJobMapper.selectJobAll|==> Parameters: 
restartedMain|2020-10-22 09:31:36.095|DEBUG|m.c.R.q.m.SysJobMapper.selectJobAll|<==      Total: 2
restartedMain|2020-10-22 09:31:36.095|DEBUG|org.mybatis.spring.SqlSessionUtils|Closing non transactional SqlSession [org.apache.ibatis.session.defaults.DefaultSqlSession@6b60b1c1]
